<?xml version="1.0" encoding="UTF-8" ?>
<testsuites>
  <testsuite errors="0" failures="0" hostname="127.0.0.1" id="0" name="Config" package="coldbox.tests.specs.ioc.config.listeners" skipped="0" tests="0" time="0.001" timestamp="2014-06-10T19:02:15">
    <properties>
[...]
</properties>
  </testsuite>
  <testsuite errors="0" failures="0" hostname="127.0.0.1" id="1" name="MyListener" package="coldbox.tests.specs.ioc.config.listeners" skipped="0" tests="0" time="0" timestamp="2014-06-10T19:02:15">
    <properties>
[...]
</properties>
  </testsuite>
  <testsuite errors="0" failures="0" hostname="127.0.0.1" id="2" name="InjectorCreationTestsBinder" package="coldbox.tests.specs.ioc.config.samples" skipped="0" tests="0" time="0" timestamp="2014-06-10T19:02:15">
    <properties>
[...]
</properties>
  </testsuite>
  <testsuite errors="0" failures="0" hostname="127.0.0.1" id="3" name="SampleWireBox" package="coldbox.tests.specs.ioc.config.samples" skipped="0" tests="0" time="0" timestamp="2014-06-10T19:02:15">
    <properties>
[...]
</properties>
  </testsuite>
  <testsuite errors="0" failures="0" hostname="127.0.0.1" id="4" name="WireBox" package="coldbox.tests.specs.ioc.config.samples" skipped="0" tests="0" time="0.001" timestamp="2014-06-10T19:02:15">
    <properties>
[...]
</properties>
  </testsuite>
  <testsuite errors="0" failures="0" hostname="127.0.0.1" id="5" name="MyTestingDSL" package="coldbox.tests.specs.ioc.dsl" skipped="0" tests="0" time="0.001" timestamp="2014-06-10T19:02:15">
    <properties>
[...]
</properties>
  </testsuite>
  <testsuite errors="0" failures="0" hostname="127.0.0.1" id="6" name="BuilderTest" package="tests.specs.ioc" skipped="0" tests="15" time="2.252" timestamp="2014-06-10T19:02:15">
    <properties>
[...]
</properties>
    <testcase classname="tests.specs.ioc.BuilderTest" name="tests.specs.ioc.BuilderTest testGetJavaDSL" time="0.12" />
    <testcase classname="tests.specs.ioc.BuilderTest" name="tests.specs.ioc.BuilderTest testbuildSimpleDSL" time="0.127" />
    <testcase classname="tests.specs.ioc.BuilderTest" name="tests.specs.ioc.BuilderTest testgetWireBoxDSL" time="0.233" />
    <testcase classname="tests.specs.ioc.BuilderTest" name="tests.specs.ioc.BuilderTest testbuildProviderMixer" time="0.18" />
    <testcase classname="tests.specs.ioc.BuilderTest" name="tests.specs.ioc.BuilderTest testregisterCustomBuilders" time="0.129" />
    <testcase classname="tests.specs.ioc.BuilderTest" name="tests.specs.ioc.BuilderTest testbuildWebservice" time="0.111" />
    <testcase classname="tests.specs.ioc.BuilderTest" name="tests.specs.ioc.BuilderTest testBuildFactoryBean" time="0.166" />
    <testcase classname="tests.specs.ioc.BuilderTest" name="tests.specs.ioc.BuilderTest testBuildCFCWithArguments" time="0.146" />
    <testcase classname="tests.specs.ioc.BuilderTest" name="tests.specs.ioc.BuilderTest testbuildfeed" time="0.239" />
    <testcase classname="tests.specs.ioc.BuilderTest" name="tests.specs.ioc.BuilderTest testbuildDSLDependencyCustom" time="0.145" />
    <testcase classname="tests.specs.ioc.BuilderTest" name="tests.specs.ioc.BuilderTest testbuildcfc" time="0.11" />
    <testcase classname="tests.specs.ioc.BuilderTest" name="tests.specs.ioc.BuilderTest testgetProviderDSL" time="0.158" />
    <testcase classname="tests.specs.ioc.BuilderTest" name="tests.specs.ioc.BuilderTest testbuildJavaClass" time="0.108" />
    <testcase classname="tests.specs.ioc.BuilderTest" name="tests.specs.ioc.BuilderTest testCacheboxLinkOff" time="0.147" />
    <testcase classname="tests.specs.ioc.BuilderTest" name="tests.specs.ioc.BuilderTest testBuildCFCException" time="0.132" />
  </testsuite>
  <testsuite errors="0" failures="0" hostname="127.0.0.1" id="7" name="InjectorCreationTest" package="tests.specs.ioc" skipped="0" tests="16" time="0.814" timestamp="2014-06-10T19:02:15">
    <properties>
[...]
</properties>
    <testcase classname="tests.specs.ioc.InjectorCreationTest" name="tests.specs.ioc.InjectorCreationTest testProviderMethods" time="0.057" />
    <testcase classname="tests.specs.ioc.InjectorCreationTest" name="tests.specs.ioc.InjectorCreationTest testJava" time="0.043" />
    <testcase classname="tests.specs.ioc.InjectorCreationTest" name="tests.specs.ioc.InjectorCreationTest testLocateInstance" time="0.042" />
    <testcase classname="tests.specs.ioc.InjectorCreationTest" name="tests.specs.ioc.InjectorCreationTest testbuildInstance" time="0.114" />
    <testcase classname="tests.specs.ioc.InjectorCreationTest" name="tests.specs.ioc.InjectorCreationTest testInheritedMetadata" time="0.047" />
    <testcase classname="tests.specs.ioc.InjectorCreationTest" name="tests.specs.ioc.InjectorCreationTest testDSL" time="0.043" />
    <testcase classname="tests.specs.ioc.InjectorCreationTest" name="tests.specs.ioc.InjectorCreationTest testDSLCreation" time="0.045" />
    <testcase classname="tests.specs.ioc.InjectorCreationTest" name="tests.specs.ioc.InjectorCreationTest testScopes" time="0.049" />
    <testcase classname="tests.specs.ioc.InjectorCreationTest" name="tests.specs.ioc.InjectorCreationTest testMixins" time="0.049" />
    <testcase classname="tests.specs.ioc.InjectorCreationTest" name="tests.specs.ioc.InjectorCreationTest testSetters" time="0.046" />
    <testcase classname="tests.specs.ioc.InjectorCreationTest" name="tests.specs.ioc.InjectorCreationTest testWebService" time="0.048" />
    <testcase classname="tests.specs.ioc.InjectorCreationTest" name="tests.specs.ioc.InjectorCreationTest testFactoryBeans" time="0.042" />
    <testcase classname="tests.specs.ioc.InjectorCreationTest" name="tests.specs.ioc.InjectorCreationTest testConstant" time="0.041" />
    <testcase classname="tests.specs.ioc.InjectorCreationTest" name="tests.specs.ioc.InjectorCreationTest testParentMappings" time="0.046" />
    <testcase classname="tests.specs.ioc.InjectorCreationTest" name="tests.specs.ioc.InjectorCreationTest testImplicitSetters" time="0.046" />
    <testcase classname="tests.specs.ioc.InjectorCreationTest" name="tests.specs.ioc.InjectorCreationTest testTImeZone" time="0.055" />
  </testsuite>
  <testsuite errors="0" failures="0" hostname="127.0.0.1" id="8" name="InjectorTest" package="tests.specs.ioc" skipped="0" tests="17" time="0.584" timestamp="2014-06-10T19:02:15">
    <properties>
[...]
</properties>
    <testcase classname="tests.specs.ioc.InjectorTest" name="tests.specs.ioc.InjectorTest testConfigureCacheBox" time="0.034" />
    <testcase classname="tests.specs.ioc.InjectorTest" name="tests.specs.ioc.InjectorTest testGetObjectPopulator" time="0.025" />
    <testcase classname="tests.specs.ioc.InjectorTest" name="tests.specs.ioc.InjectorTest testAutowireCallsGetInheritedMetaDataForMD" time="0.027" />
    <testcase classname="tests.specs.ioc.InjectorTest" name="tests.specs.ioc.InjectorTest testParenInjector" time="0.027" />
    <testcase classname="tests.specs.ioc.InjectorTest" name="tests.specs.ioc.InjectorTest testRemoveFromScope" time="0.037" />
    <testcase classname="tests.specs.ioc.InjectorTest" name="tests.specs.ioc.InjectorTest testdoScopeRegistration" time="0.043" />
    <testcase classname="tests.specs.ioc.InjectorTest" name="tests.specs.ioc.InjectorTest testGetInjectorID" time="0.026" />
    <testcase classname="tests.specs.ioc.InjectorTest" name="tests.specs.ioc.InjectorTest testColdBox" time="0.025" />
    <testcase classname="tests.specs.ioc.InjectorTest" name="tests.specs.ioc.InjectorTest testAutowireCallsGetInheritedMetaDataForTargetID" time="0.028" />
    <testcase classname="tests.specs.ioc.InjectorTest" name="tests.specs.ioc.InjectorTest testGetBinder" time="0.03" />
    <testcase classname="tests.specs.ioc.InjectorTest" name="tests.specs.ioc.InjectorTest testConfigureEventManager" time="0.028" />
    <testcase classname="tests.specs.ioc.InjectorTest" name="tests.specs.ioc.InjectorTest testbuildBinder" time="0.037" />
    <testcase classname="tests.specs.ioc.InjectorTest" name="tests.specs.ioc.InjectorTest testShutdown" time="0.081" />
    <testcase classname="tests.specs.ioc.InjectorTest" name="tests.specs.ioc.InjectorTest testGetScopeRegistration" time="0.025" />
    <testcase classname="tests.specs.ioc.InjectorTest" name="tests.specs.ioc.InjectorTest testRegisterListeners" time="0.058" />
    <testcase classname="tests.specs.ioc.InjectorTest" name="tests.specs.ioc.InjectorTest testgetVersion" time="0.024" />
    <testcase classname="tests.specs.ioc.InjectorTest" name="tests.specs.ioc.InjectorTest testConfigureLogBox" time="0.026" />
  </testsuite>
  <testsuite errors="0" failures="0" hostname="127.0.0.1" id="9" name="ProviderTest" package="tests.specs.ioc" skipped="0" tests="3" time="0.104" timestamp="2014-06-10T19:02:15">
    <properties>
[...]
</properties>
    <testcase classname="tests.specs.ioc.ProviderTest" name="tests.specs.ioc.ProviderTest testProxyMethods" time="0.053" />
    <testcase classname="tests.specs.ioc.ProviderTest" name="tests.specs.ioc.ProviderTest testGet" time="0.04" />
    <testcase classname="tests.specs.ioc.ProviderTest" name="tests.specs.ioc.ProviderTest testGetNoScope" time="0.01" />
  </testsuite>
  <testsuite errors="0" failures="0" hostname="127.0.0.1" id="10" name="MatcherTest" package="tests.specs.ioc.aop" skipped="0" tests="10" time="0.048" timestamp="2014-06-10T19:02:15">
    <properties>
[...]
</properties>
    <testcase classname="tests.specs.ioc.aop.MatcherTest" name="tests.specs.ioc.aop.MatcherTest testAnnotatedWith" time="0" />
    <testcase classname="tests.specs.ioc.aop.MatcherTest" name="tests.specs.ioc.aop.MatcherTest testAny" time="0" />
    <testcase classname="tests.specs.ioc.aop.MatcherTest" name="tests.specs.ioc.aop.MatcherTest testMatchClassAndOr" time="0.025" />
    <testcase classname="tests.specs.ioc.aop.MatcherTest" name="tests.specs.ioc.aop.MatcherTest testMappings" time="0.001" />
    <testcase classname="tests.specs.ioc.aop.MatcherTest" name="tests.specs.ioc.aop.MatcherTest testMatchClass" time="0.011" />
    <testcase classname="tests.specs.ioc.aop.MatcherTest" name="tests.specs.ioc.aop.MatcherTest testReturns" time="0" />
    <testcase classname="tests.specs.ioc.aop.MatcherTest" name="tests.specs.ioc.aop.MatcherTest testRegex" time="0" />
    <testcase classname="tests.specs.ioc.aop.MatcherTest" name="tests.specs.ioc.aop.MatcherTest testMatchMethod" time="0.009" />
    <testcase classname="tests.specs.ioc.aop.MatcherTest" name="tests.specs.ioc.aop.MatcherTest testMethods" time="0" />
    <testcase classname="tests.specs.ioc.aop.MatcherTest" name="tests.specs.ioc.aop.MatcherTest testInstanceOf" time="0" />
  </testsuite>
  <testsuite errors="0" failures="0" hostname="127.0.0.1" id="11" name="MethodInvocationTest" package="tests.specs.ioc.aop" skipped="0" tests="3" time="0.013" timestamp="2014-06-10T19:02:15">
    <properties>
[...]
</properties>
    <testcase classname="tests.specs.ioc.aop.MethodInvocationTest" name="tests.specs.ioc.aop.MethodInvocationTest testInit" time="0.01" />
    <testcase classname="tests.specs.ioc.aop.MethodInvocationTest" name="tests.specs.ioc.aop.MethodInvocationTest testProceed" time="0.001" />
    <testcase classname="tests.specs.ioc.aop.MethodInvocationTest" name="tests.specs.ioc.aop.MethodInvocationTest testIncrementInterceptorIndex" time="0.001" />
  </testsuite>
  <testsuite errors="0" failures="0" hostname="127.0.0.1" id="12" name="MixerTest" package="tests.specs.ioc.aop" skipped="0" tests="6" time="0.415" timestamp="2014-06-10T19:02:15">
    <properties>
[...]
</properties>
    <testcase classname="tests.specs.ioc.aop.MixerTest" name="tests.specs.ioc.aop.MixerTest testdecorateAOPTarget" time="0.056" />
    <testcase classname="tests.specs.ioc.aop.MixerTest" name="tests.specs.ioc.aop.MixerTest testBuildClassMatchDictionary" time="0.074" />
    <testcase classname="tests.specs.ioc.aop.MixerTest" name="tests.specs.ioc.aop.MixerTest testprocessTargetMethods" time="0.103" />
    <testcase classname="tests.specs.ioc.aop.MixerTest" name="tests.specs.ioc.aop.MixerTest testBuildInterceptors" time="0.051" />
    <testcase classname="tests.specs.ioc.aop.MixerTest" name="tests.specs.ioc.aop.MixerTest testAOPBuilder" time="0.04" />
    <testcase classname="tests.specs.ioc.aop.MixerTest" name="tests.specs.ioc.aop.MixerTest testafterInstanceAutowire" time="0.09" />
  </testsuite>
  <testsuite errors="0" failures="0" hostname="127.0.0.1" id="13" name="BinderTest" package="tests.specs.ioc.config" skipped="0" tests="49" time="1.025" timestamp="2014-06-10T19:02:15">
    <properties>
[...]
</properties>
    <testcase classname="tests.specs.ioc.config.BinderTest" name="tests.specs.ioc.config.BinderTest testToProvider" time="0.019" />
    <testcase classname="tests.specs.ioc.config.BinderTest" name="tests.specs.ioc.config.BinderTest testMappings" time="0.02" />
    <testcase classname="tests.specs.ioc.config.BinderTest" name="tests.specs.ioc.config.BinderTest testThreadSafety" time="0.021" />
    <testcase classname="tests.specs.ioc.config.BinderTest" name="tests.specs.ioc.config.BinderTest testMapFactoryMethod" time="0.018" />
    <testcase classname="tests.specs.ioc.config.BinderTest" name="tests.specs.ioc.config.BinderTest testOnDIComplete" time="0.022" />
    <testcase classname="tests.specs.ioc.config.BinderTest" name="tests.specs.ioc.config.BinderTest testTo" time="0.018" />
    <testcase classname="tests.specs.ioc.config.BinderTest" name="tests.specs.ioc.config.BinderTest testMapPath" time="0.018" />
    <testcase classname="tests.specs.ioc.config.BinderTest" name="tests.specs.ioc.config.BinderTest testToWebservice" time="0.019" />
    <testcase classname="tests.specs.ioc.config.BinderTest" name="tests.specs.ioc.config.BinderTest testRemoveScanLocations" time="0.019" />
    <testcase classname="tests.specs.ioc.config.BinderTest" name="tests.specs.ioc.config.BinderTest testVirtualInheritance" time="0.018" />
    <testcase classname="tests.specs.ioc.config.BinderTest" name="tests.specs.ioc.config.BinderTest testCacheBoxIntegration" time="0.02" />
    <testcase classname="tests.specs.ioc.config.BinderTest" name="tests.specs.ioc.config.BinderTest testMap" time="0.023" />
    <testcase classname="tests.specs.ioc.config.BinderTest" name="tests.specs.ioc.config.BinderTest testUnMap" time="0.021" />
    <testcase classname="tests.specs.ioc.config.BinderTest" name="tests.specs.ioc.config.BinderTest testBinderWithConfigInstance" time="0.03" />
    <testcase classname="tests.specs.ioc.config.BinderTest" name="tests.specs.ioc.config.BinderTest testToRSS" time="0.019" />
    <testcase classname="tests.specs.ioc.config.BinderTest" name="tests.specs.ioc.config.BinderTest testSetConstructor" time="0.02" />
    <testcase classname="tests.specs.ioc.config.BinderTest" name="tests.specs.ioc.config.BinderTest testInto" time="0.032" />
    <testcase classname="tests.specs.ioc.config.BinderTest" name="tests.specs.ioc.config.BinderTest testStopRecursions" time="0.018" />
    <testcase classname="tests.specs.ioc.config.BinderTest" name="tests.specs.ioc.config.BinderTest testWith" time="0.02" />
    <testcase classname="tests.specs.ioc.config.BinderTest" name="tests.specs.ioc.config.BinderTest testBinderStandalone" time="0.022" />
    <testcase classname="tests.specs.ioc.config.BinderTest" name="tests.specs.ioc.config.BinderTest testMapPathToNamespace" time="0.023" />
    <testcase classname="tests.specs.ioc.config.BinderTest" name="tests.specs.ioc.config.BinderTest testScanLocations" time="0.019" />
    <testcase classname="tests.specs.ioc.config.BinderTest" name="tests.specs.ioc.config.BinderTest testNoInit" time="0.023" />
    <testcase classname="tests.specs.ioc.config.BinderTest" name="tests.specs.ioc.config.BinderTest testEagerInit" time="0.019" />
    <testcase classname="tests.specs.ioc.config.BinderTest" name="tests.specs.ioc.config.BinderTest testBindAspect" time="0.019" />
    <testcase classname="tests.specs.ioc.config.BinderTest" name="tests.specs.ioc.config.BinderTest testToDSL" time="0.021" />
    <testcase classname="tests.specs.ioc.config.BinderTest" name="tests.specs.ioc.config.BinderTest testMapAspect" time="0.018" />
    <testcase classname="tests.specs.ioc.config.BinderTest" name="tests.specs.ioc.config.BinderTest testMapDirectory" time="0.043" />
    <testcase classname="tests.specs.ioc.config.BinderTest" name="tests.specs.ioc.config.BinderTest testMixins" time="0.023" />
    <testcase classname="tests.specs.ioc.config.BinderTest" name="tests.specs.ioc.config.BinderTest testToJava" time="0.018" />
    <testcase classname="tests.specs.ioc.config.BinderTest" name="tests.specs.ioc.config.BinderTest testInitWith" time="0.02" />
    <testcase classname="tests.specs.ioc.config.BinderTest" name="tests.specs.ioc.config.BinderTest testToValue" time="0.021" />
    <testcase classname="tests.specs.ioc.config.BinderTest" name="tests.specs.ioc.config.BinderTest testScopeRegistration" time="0.018" />
    <testcase classname="tests.specs.ioc.config.BinderTest" name="tests.specs.ioc.config.BinderTest testProperty" time="0.021" />
    <testcase classname="tests.specs.ioc.config.BinderTest" name="tests.specs.ioc.config.BinderTest testNoAutowire" time="0.018" />
    <testcase classname="tests.specs.ioc.config.BinderTest" name="tests.specs.ioc.config.BinderTest testLogBoxConfig" time="0.021" />
    <testcase classname="tests.specs.ioc.config.BinderTest" name="tests.specs.ioc.config.BinderTest testProperties" time="0.019" />
    <testcase classname="tests.specs.ioc.config.BinderTest" name="tests.specs.ioc.config.BinderTest testBinderWithConfigPath" time="0.019" />
    <testcase classname="tests.specs.ioc.config.BinderTest" name="tests.specs.ioc.config.BinderTest testMatch" time="0.021" />
    <testcase classname="tests.specs.ioc.config.BinderTest" name="tests.specs.ioc.config.BinderTest testListenerMethods" time="0.019" />
    <testcase classname="tests.specs.ioc.config.BinderTest" name="tests.specs.ioc.config.BinderTest testSetter" time="0.019" />
    <testcase classname="tests.specs.ioc.config.BinderTest" name="tests.specs.ioc.config.BinderTest testLoadDataDSL" time="0.019" />
    <testcase classname="tests.specs.ioc.config.BinderTest" name="tests.specs.ioc.config.BinderTest testAsSingleton" time="0.02" />
    <testcase classname="tests.specs.ioc.config.BinderTest" name="tests.specs.ioc.config.BinderTest testScopes" time="0.021" />
    <testcase classname="tests.specs.ioc.config.BinderTest" name="tests.specs.ioc.config.BinderTest testParent" time="0.023" />
    <testcase classname="tests.specs.ioc.config.BinderTest" name="tests.specs.ioc.config.BinderTest testParentInjector" time="0.022" />
    <testcase classname="tests.specs.ioc.config.BinderTest" name="tests.specs.ioc.config.BinderTest testDSLs" time="0.018" />
    <testcase classname="tests.specs.ioc.config.BinderTest" name="tests.specs.ioc.config.BinderTest testExtraAttributes" time="0.018" />
    <testcase classname="tests.specs.ioc.config.BinderTest" name="tests.specs.ioc.config.BinderTest testInitArg" time="0.018" />
  </testsuite>
  <testsuite errors="0" failures="0" hostname="127.0.0.1" id="14" name="DefaultBinderTest" package="tests.specs.ioc.config" skipped="0" tests="1" time="0.001" timestamp="2014-06-10T19:02:15">
    <properties>
[...]
</properties>
    <testcase classname="tests.specs.ioc.config.DefaultBinderTest" name="tests.specs.ioc.config.DefaultBinderTest testConfigure" time="0" />
  </testsuite>
  <testsuite errors="0" failures="0" hostname="127.0.0.1" id="15" name="MappingTest" package="tests.specs.ioc.config" skipped="0" tests="4" time="0.003" timestamp="2014-06-10T19:02:15">
    <properties>
[...]
</properties>
    <testcase classname="tests.specs.ioc.config.MappingTest" name="tests.specs.ioc.config.MappingTest testProcessMementoWithExcludes" time="0.001" />
    <testcase classname="tests.specs.ioc.config.MappingTest" name="tests.specs.ioc.config.MappingTest testProviderMethods" time="0.001" />
    <testcase classname="tests.specs.ioc.config.MappingTest" name="tests.specs.ioc.config.MappingTest testProcessMemento" time="0.001" />
    <testcase classname="tests.specs.ioc.config.MappingTest" name="tests.specs.ioc.config.MappingTest testInit" time="0" />
  </testsuite>
  <testsuite errors="0" failures="0" hostname="127.0.0.1" id="16" name="InjectorListenersTest" package="tests.specs.ioc.config.listeners" skipped="0" tests="1" time="0.006" timestamp="2014-06-10T19:02:15">
    <properties>
[...]
</properties>
    <testcase classname="tests.specs.ioc.config.listeners.InjectorListenersTest" name="tests.specs.ioc.config.listeners.InjectorListenersTest testRegisterListeners" time="0.005" />
  </testsuite>
  <testsuite errors="0" failures="0" hostname="127.0.0.1" id="17" name="CacheBoxDSLTest" package="tests.specs.ioc.dsl" skipped="0" tests="1" time="0.185" timestamp="2014-06-10T19:02:15">
    <properties>
[...]
</properties>
    <testcase classname="tests.specs.ioc.dsl.CacheBoxDSLTest" name="tests.specs.ioc.dsl.CacheBoxDSLTest testProcess" time="0.185" />
  </testsuite>
  <testsuite errors="0" failures="0" hostname="127.0.0.1" id="18" name="ColdBoxDSLTest" package="tests.specs.ioc.dsl" skipped="0" tests="5" time="0.623" timestamp="2014-06-10T19:02:15">
    <properties>
[...]
</properties>
    <testcase classname="tests.specs.ioc.dsl.ColdBoxDSLTest" name="tests.specs.ioc.dsl.ColdBoxDSLTest testProcess" time="0.099" />
    <testcase classname="tests.specs.ioc.dsl.ColdBoxDSLTest" name="tests.specs.ioc.dsl.ColdBoxDSLTest testgetColdboxDSLStage1AndStage2" time="0.165" />
    <testcase classname="tests.specs.ioc.dsl.ColdBoxDSLTest" name="tests.specs.ioc.dsl.ColdBoxDSLTest testGetDatasource" time="0.081" />
    <testcase classname="tests.specs.ioc.dsl.ColdBoxDSLTest" name="tests.specs.ioc.dsl.ColdBoxDSLTest testgetColdboxDSLStage3" time="0.17" />
    <testcase classname="tests.specs.ioc.dsl.ColdBoxDSLTest" name="tests.specs.ioc.dsl.ColdBoxDSLTest testGetOCMDSL" time="0.108" />
  </testsuite>
  <testsuite errors="0" failures="0" hostname="127.0.0.1" id="19" name="LogBoxDSLTest" package="tests.specs.ioc.dsl" skipped="0" tests="1" time="0.111" timestamp="2014-06-10T19:02:15">
    <properties>
[...]
</properties>
    <testcase classname="tests.specs.ioc.dsl.LogBoxDSLTest" name="tests.specs.ioc.dsl.LogBoxDSLTest testProcess" time="0.111" />
  </testsuite>
  <testsuite errors="0" failures="0" hostname="127.0.0.1" id="20" name="CFScopesTest" package="tests.specs.ioc.scopes" skipped="0" tests="2" time="0.198" timestamp="2014-06-10T19:02:15">
    <properties>
[...]
</properties>
    <testcase classname="tests.specs.ioc.scopes.CFScopesTest" name="tests.specs.ioc.scopes.CFScopesTest testGetFromScope" time="0.116" />
    <testcase classname="tests.specs.ioc.scopes.CFScopesTest" name="tests.specs.ioc.scopes.CFScopesTest testGetFromScopeExistsAlready" time="0.082" />
  </testsuite>
  <testsuite errors="0" failures="0" hostname="127.0.0.1" id="21" name="CacheBoxTest" package="tests.specs.ioc.scopes" skipped="0" tests="2" time="0.258" timestamp="2014-06-10T19:02:15">
    <properties>
[...]
</properties>
    <testcase classname="tests.specs.ioc.scopes.CacheBoxTest" name="tests.specs.ioc.scopes.CacheBoxTest testGetFromScopeExistsAlready" time="0.106" />
    <testcase classname="tests.specs.ioc.scopes.CacheBoxTest" name="tests.specs.ioc.scopes.CacheBoxTest testGetFromScope" time="0.15" />
  </testsuite>
  <testsuite errors="0" failures="0" hostname="127.0.0.1" id="22" name="RequestScopeTest" package="tests.specs.ioc.scopes" skipped="0" tests="2" time="0.187" timestamp="2014-06-10T19:02:15">
    <properties>
[...]
</properties>
    <testcase classname="tests.specs.ioc.scopes.RequestScopeTest" name="tests.specs.ioc.scopes.RequestScopeTest testGetFromScopeExistsAlready" time="0.075" />
    <testcase classname="tests.specs.ioc.scopes.RequestScopeTest" name="tests.specs.ioc.scopes.RequestScopeTest testGetFromScope" time="0.112" />
  </testsuite>
  <testsuite errors="0" failures="0" hostname="127.0.0.1" id="23" name="SingletonTest" package="tests.specs.ioc.scopes" skipped="0" tests="4" time="0.38" timestamp="2014-06-10T19:02:15">
    <properties>
[...]
</properties>
    <testcase classname="tests.specs.ioc.scopes.SingletonTest" name="tests.specs.ioc.scopes.SingletonTest testClear" time="0.08" />
    <testcase classname="tests.specs.ioc.scopes.SingletonTest" name="tests.specs.ioc.scopes.SingletonTest testGetFromScope" time="0.137" />
    <testcase classname="tests.specs.ioc.scopes.SingletonTest" name="tests.specs.ioc.scopes.SingletonTest testGetFromScopeExistsAlready" time="0.079" />
    <testcase classname="tests.specs.ioc.scopes.SingletonTest" name="tests.specs.ioc.scopes.SingletonTest testgetSingletons" time="0.084" />
  </testsuite>
</testsuites>
