<?xml version="1.0" encoding="UTF-8" ?>
<testsuites>
  <testsuite errors="124" failures="0" hostname="127.0.0.1" id="0" name="testresults" package="mxunit" tests="270" time="36.654" timestamp="02/15/12 2:14:52 PM">
    <properties>
[...]
</properties>
    <testcase classname="coldbox.testing.cases.cache.AbstractCacheProviderTest" name="testEventManager" time="0.213" />
    <testcase classname="coldbox.testing.cases.cache.AbstractCacheProviderTest" name="testReportingEnabled" time="0.001" />
    <testcase classname="coldbox.testing.cases.cache.AbstractCacheProviderTest" name="testClearStatistics" time="0.049" />
    <testcase classname="coldbox.testing.cases.cache.AbstractCacheProviderTest" name="testEnabled" time="0.001" />
    <testcase classname="coldbox.testing.cases.cache.AbstractCacheProviderTest" name="testCacheFactory" time="0.024" />
    <testcase classname="coldbox.testing.cases.cache.AbstractCacheProviderTest" name="testConfiguration" time="0.003" />
    <testcase classname="coldbox.testing.cases.cache.AbstractCacheProviderTest" name="testName" time="0.001" />
    <testcase classname="coldbox.testing.cases.cache.CacheFactoryConfigLoadTest" name="testGetConfig" time="0.656" />
    <testcase classname="coldbox.testing.cases.cache.CacheFactoryTest" name="testCacheExists" time="0.03" />
    <testcase classname="coldbox.testing.cases.cache.CacheFactoryTest" name="testGetConfig" time="0.016" />
    <testcase classname="coldbox.testing.cases.cache.CacheFactoryTest" name="testGetFactoryID" time="0.015" />
    <testcase classname="coldbox.testing.cases.cache.CacheFactoryTest" name="testCreateCache" time="0.144" />
    <testcase classname="coldbox.testing.cases.cache.CacheFactoryTest" name="testShutdownCache" time="0.049" />
    <testcase classname="coldbox.testing.cases.cache.CacheFactoryTest" name="testExpireAll" time="0.048" />
    <testcase classname="coldbox.testing.cases.cache.CacheFactoryTest" name="testAddDefaultCacheWithExceptions" time="0.066" />
    <testcase classname="coldbox.testing.cases.cache.CacheFactoryTest" name="testConfigureEventManager" time="0.021" />
    <testcase classname="coldbox.testing.cases.cache.CacheFactoryTest" name="testClearAll" time="0.047" />
    <testcase classname="coldbox.testing.cases.cache.CacheFactoryTest" name="testgetVersion" time="0.014" />
    <testcase classname="coldbox.testing.cases.cache.CacheFactoryTest" name="testconfigureLogBox" time="0.027" />
    <testcase classname="coldbox.testing.cases.cache.CacheFactoryTest" name="testReplaceCacheWithInstance" time="0.053" />
    <testcase classname="coldbox.testing.cases.cache.CacheFactoryTest" name="testgetDefaultCache" time="0.032" />
    <testcase classname="coldbox.testing.cases.cache.CacheFactoryTest" name="testShutdown" time="0.051" />
    <testcase classname="coldbox.testing.cases.cache.CacheFactoryTest" name="testGetCache" time="0.046" />
    <testcase classname="coldbox.testing.cases.cache.CacheFactoryTest" name="testRemoveCache" time="0.029" />
    <testcase classname="coldbox.testing.cases.cache.CacheFactoryTest" name="testAddCache" time="0.095" />
    <testcase classname="coldbox.testing.cases.cache.CacheFactoryTest" name="testGetCacheNames" time="0.016" />
    <testcase classname="coldbox.testing.cases.cache.CacheFactoryTest" name="testAddDefaultCache" time="0.1" />
    <testcase classname="coldbox.testing.cases.cache.CacheFactoryTest" name="testRemoveAll" time="0.042" />
    <testcase classname="coldbox.testing.cases.cache.config.CacheBoxConfigWithDataCFCTest" name="testLoader2" time="0.039" />
    <testcase classname="coldbox.testing.cases.cache.config.CacheBoxConfigWithDataCFCTest" name="testLoader" time="0.003" />
    <testcase classname="coldbox.testing.cases.cache.config.CacheBoxConfigXMLTest" name="testInlineXML" time="0.068" />
    <testcase classname="coldbox.testing.cases.cache.config.CacheBoxConfigXMLTest" name="testCreations" time="0.005" />
    <testcase classname="coldbox.testing.cases.cache.config.CacheBoxConfigXMLTest" name="testNormalXML" time="0.011" />
    <testcase classname="coldbox.testing.cases.cache.config.ConfigXSDTest" name="testGoodXSD" time="0.112" />
    <testcase classname="coldbox.testing.cases.cache.config.ConfigXSDTest" name="testBadXSD" time="0.064" />
    <testcase classname="coldbox.testing.cases.cache.config.DefaultConfigurationTest" name="testConfigure" time="0.001" />
    <testcase classname="coldbox.testing.cases.cache.listeners.CacheFactoryListenersTest" name="testRegisterListeners" time="0.046" />
    <testcase classname="coldbox.testing.cases.cache.policies.FIFOTest" name="testPolicy" time="0.367" />
    <testcase classname="coldbox.testing.cases.cache.policies.LFUTest" name="testPolicy" time="0.383" />
    <testcase classname="coldbox.testing.cases.cache.policies.LIFOTest" name="testPolicy" time="0.345" />
    <testcase classname="coldbox.testing.cases.cache.policies.LRUTest" name="testPolicy" time="0.343" />
    <testcase classname="coldbox.testing.cases.cache.providers.CacheBoxProviderTest" name="testExpireObjectAndIsExpired" time="0.151" />
    <testcase classname="coldbox.testing.cases.cache.providers.CacheBoxProviderTest" name="testReap" time="0.201" />
    <testcase classname="coldbox.testing.cases.cache.providers.CacheBoxProviderTest" name="testset" time="0.147" />
    <testcase classname="coldbox.testing.cases.cache.providers.CacheBoxProviderTest" name="testExpireAll" time="0.144" />
    <testcase classname="coldbox.testing.cases.cache.providers.CacheBoxProviderTest" name="testLookupQuiet" time="0.238" />
    <testcase classname="coldbox.testing.cases.cache.providers.CacheBoxProviderTest" name="testClearAll" time="0.216" />
    <testcase classname="coldbox.testing.cases.cache.providers.CacheBoxProviderTest" name="testsetQuiet" time="0.165" />
    <testcase classname="coldbox.testing.cases.cache.providers.CacheBoxProviderTest" name="testGetQuiet" time="0.156" />
    <testcase classname="coldbox.testing.cases.cache.providers.CacheBoxProviderTest" name="testClearMulti" time="0.291" />
    <testcase classname="coldbox.testing.cases.cache.providers.CacheBoxProviderTest" name="testGet" time="0.139" />
    <testcase classname="coldbox.testing.cases.cache.providers.CacheBoxProviderTest" name="testShutdown" time="0.154" />
    <testcase classname="coldbox.testing.cases.cache.providers.CacheBoxProviderTest" name="testGetKeys" time="0.141" />
    <testcase classname="coldbox.testing.cases.cache.providers.CacheBoxProviderTest" name="testgetCachedObjectMetadata" time="0.194" />
    <testcase classname="coldbox.testing.cases.cache.providers.CacheBoxProviderTest" name="testGetSize" time="0.148" />
    <testcase classname="coldbox.testing.cases.cache.providers.CacheBoxProviderTest" name="testLookupMulti" time="0.147" />
    <testcase classname="coldbox.testing.cases.cache.providers.CacheBoxProviderTest" name="testClear" time="0.142" />
    <testcase classname="coldbox.testing.cases.cache.providers.CacheBoxProviderTest" name="testSetMulti" time="0.191" />
    <testcase classname="coldbox.testing.cases.cache.providers.CacheBoxProviderTest" name="testExpireByKeySnippet" time="0.139" />
    <testcase classname="coldbox.testing.cases.cache.providers.CacheBoxProviderTest" name="testGetMulti" time="0.161" />
    <testcase classname="coldbox.testing.cases.cache.providers.CacheBoxProviderTest" name="testLookup" time="0.203" />
    <testcase classname="coldbox.testing.cases.cache.providers.CacheBoxProviderTest" name="testClearQuiet" time="0.142" />
    <testcase classname="coldbox.testing.cases.cache.providers.CacheBoxWithConcurrentStoreTest" name="testExpireObjectAndIsExpired" time="0.147" />
    <testcase classname="coldbox.testing.cases.cache.providers.CacheBoxWithConcurrentStoreTest" name="testReap" time="0.153" />
    <testcase classname="coldbox.testing.cases.cache.providers.CacheBoxWithConcurrentStoreTest" name="testset" time="0.198" />
    <testcase classname="coldbox.testing.cases.cache.providers.CacheBoxWithConcurrentStoreTest" name="testExpireAll" time="0.151" />
    <testcase classname="coldbox.testing.cases.cache.providers.CacheBoxWithConcurrentStoreTest" name="testLookupQuiet" time="0.18" />
    <testcase classname="coldbox.testing.cases.cache.providers.CacheBoxWithConcurrentStoreTest" name="testClearAll" time="0.21" />
    <testcase classname="coldbox.testing.cases.cache.providers.CacheBoxWithConcurrentStoreTest" name="testsetQuiet" time="0.149" />
    <testcase classname="coldbox.testing.cases.cache.providers.CacheBoxWithConcurrentStoreTest" name="testGetQuiet" time="0.152" />
    <testcase classname="coldbox.testing.cases.cache.providers.CacheBoxWithConcurrentStoreTest" name="testClearMulti" time="0.163" />
    <testcase classname="coldbox.testing.cases.cache.providers.CacheBoxWithConcurrentStoreTest" name="testGet" time="0.259" />
    <testcase classname="coldbox.testing.cases.cache.providers.CacheBoxWithConcurrentStoreTest" name="testShutdown" time="0.14" />
    <testcase classname="coldbox.testing.cases.cache.providers.CacheBoxWithConcurrentStoreTest" name="testGetKeys" time="0.154" />
    <testcase classname="coldbox.testing.cases.cache.providers.CacheBoxWithConcurrentStoreTest" name="testgetCachedObjectMetadata" time="0.147" />
    <testcase classname="coldbox.testing.cases.cache.providers.CacheBoxWithConcurrentStoreTest" name="testGetSize" time="0.194" />
    <testcase classname="coldbox.testing.cases.cache.providers.CacheBoxWithConcurrentStoreTest" name="testLookupMulti" time="0.147" />
    <testcase classname="coldbox.testing.cases.cache.providers.CacheBoxWithConcurrentStoreTest" name="testClear" time="0.149" />
    <testcase classname="coldbox.testing.cases.cache.providers.CacheBoxWithConcurrentStoreTest" name="testSetMulti" time="0.149" />
    <testcase classname="coldbox.testing.cases.cache.providers.CacheBoxWithConcurrentStoreTest" name="testExpireByKeySnippet" time="0.19" />
    <testcase classname="coldbox.testing.cases.cache.providers.CacheBoxWithConcurrentStoreTest" name="testGetMulti" time="0.151" />
    <testcase classname="coldbox.testing.cases.cache.providers.CacheBoxWithConcurrentStoreTest" name="testLookup" time="0.173" />
    <testcase classname="coldbox.testing.cases.cache.providers.CacheBoxWithConcurrentStoreTest" name="testClearQuiet" time="0.157" />
    <testcase classname="coldbox.testing.cases.cache.providers.CacheBoxWithDiskSoreTest" name="testExpireObjectAndIsExpired" time="0.482" />
    <testcase classname="coldbox.testing.cases.cache.providers.CacheBoxWithDiskSoreTest" name="testReap" time="0.207" />
    <testcase classname="coldbox.testing.cases.cache.providers.CacheBoxWithDiskSoreTest" name="testset" time="0.305" />
    <testcase classname="coldbox.testing.cases.cache.providers.CacheBoxWithDiskSoreTest" name="testExpireAll" time="0.205" />
    <testcase classname="coldbox.testing.cases.cache.providers.CacheBoxWithDiskSoreTest" name="testLookupQuiet" time="0.185" />
    <testcase classname="coldbox.testing.cases.cache.providers.CacheBoxWithDiskSoreTest" name="testClearAll" time="0.201" />
    <testcase classname="coldbox.testing.cases.cache.providers.CacheBoxWithDiskSoreTest" name="testsetQuiet" time="0.265" />
    <testcase classname="coldbox.testing.cases.cache.providers.CacheBoxWithDiskSoreTest" name="testGetQuiet" time="0.19" />
    <testcase classname="coldbox.testing.cases.cache.providers.CacheBoxWithDiskSoreTest" name="testClearMulti" time="0.362" />
    <testcase classname="coldbox.testing.cases.cache.providers.CacheBoxWithDiskSoreTest" name="testGet" time="0.318" />
    <testcase classname="coldbox.testing.cases.cache.providers.CacheBoxWithDiskSoreTest" name="testShutdown" time="1.085" />
    <testcase classname="coldbox.testing.cases.cache.providers.CacheBoxWithDiskSoreTest" name="testGetKeys" time="0.207" />
    <testcase classname="coldbox.testing.cases.cache.providers.CacheBoxWithDiskSoreTest" name="testgetCachedObjectMetadata" time="0.196" />
    <testcase classname="coldbox.testing.cases.cache.providers.CacheBoxWithDiskSoreTest" name="testGetSize" time="0.272" />
    <testcase classname="coldbox.testing.cases.cache.providers.CacheBoxWithDiskSoreTest" name="testLookupMulti" time="0.184" />
    <testcase classname="coldbox.testing.cases.cache.providers.CacheBoxWithDiskSoreTest" name="testClear" time="0.18" />
    <testcase classname="coldbox.testing.cases.cache.providers.CacheBoxWithDiskSoreTest" name="testSetMulti" time="0.23" />
    <testcase classname="coldbox.testing.cases.cache.providers.CacheBoxWithDiskSoreTest" name="testExpireByKeySnippet" time="0.283" />
    <testcase classname="coldbox.testing.cases.cache.providers.CacheBoxWithDiskSoreTest" name="testGetMulti" time="0.206" />
    <testcase classname="coldbox.testing.cases.cache.providers.CacheBoxWithDiskSoreTest" name="testLookup" time="0.204" />
    <testcase classname="coldbox.testing.cases.cache.providers.CacheBoxWithDiskSoreTest" name="testClearQuiet" time="0.181" />
    <testcase classname="coldbox.testing.cases.cache.providers.CacheBoxWithJDBCSoreTest" name="testExpireObjectAndIsExpired" time="0.504">
      <error message="Expression"><![CDATA[Element OBJECTSTORE is undefined in a Java object of type class [Ljava.lang.String;. at /Users/lmajano/Sites/cboxdev/core/coldbox/system/cache/providers/CacheBoxProvider.cfc:530 at /Users/lmajano/Sites/cboxdev/core/coldbox/testing/cases/cache/providers/CacheBoxProviderTest.cfc:55 at /Users/lmajano/Sites/MyDevelopment/Frameworks/mxunit/framework/TestDecorator.cfc:30 at /Users/lmajano/Sites/MyDevelopment/Frameworks/mxunit/framework/TestSuiteRunner.cfc:119 at /Users/lmajano/Sites/MyDevelopment/Frameworks/mxunit/framework/TestSuiteRunner.cfc:52 at /Users/lmajano/Sites/MyDevelopment/Frameworks/mxunit/framework/TestSuite.cfc:131 at /Users/lmajano/Sites/MyDevelopment/Frameworks/mxunit/runner/DirectoryTestSuite.cfc:37 at /Users/lmajano/Sites/MyDevelopment/Frameworks/mxunit/runner/HttpAntRunner.cfc:28]]></error>
    </testcase>
    <testcase classname="coldbox.testing.cases.cache.providers.CacheBoxWithJDBCSoreTest" name="testReap" time="0.42">
      <error message="Expression"><![CDATA[Element OBJECTSTORE is undefined in a Java object of type class [Ljava.lang.String;. at /Users/lmajano/Sites/cboxdev/core/coldbox/system/cache/providers/CacheBoxProvider.cfc:530 at /Users/lmajano/Sites/cboxdev/core/coldbox/testing/cases/cache/providers/CacheBoxProviderTest.cfc:55 at /Users/lmajano/Sites/MyDevelopment/Frameworks/mxunit/framework/TestDecorator.cfc:30 at /Users/lmajano/Sites/MyDevelopment/Frameworks/mxunit/framework/TestSuiteRunner.cfc:119 at /Users/lmajano/Sites/MyDevelopment/Frameworks/mxunit/framework/TestSuiteRunner.cfc:52 at /Users/lmajano/Sites/MyDevelopment/Frameworks/mxunit/framework/TestSuite.cfc:131 at /Users/lmajano/Sites/MyDevelopment/Frameworks/mxunit/runner/DirectoryTestSuite.cfc:37 at /Users/lmajano/Sites/MyDevelopment/Frameworks/mxunit/runner/HttpAntRunner.cfc:28]]></error>
    </testcase>
    <testcase classname="coldbox.testing.cases.cache.providers.CacheBoxWithJDBCSoreTest" name="testset" time="0.184">
      <error message="Expression"><![CDATA[Element OBJECTSTORE is undefined in a Java object of type class [Ljava.lang.String;. at /Users/lmajano/Sites/cboxdev/core/coldbox/system/cache/providers/CacheBoxProvider.cfc:530 at /Users/lmajano/Sites/cboxdev/core/coldbox/testing/cases/cache/providers/CacheBoxProviderTest.cfc:55 at /Users/lmajano/Sites/MyDevelopment/Frameworks/mxunit/framework/TestDecorator.cfc:30 at /Users/lmajano/Sites/MyDevelopment/Frameworks/mxunit/framework/TestSuiteRunner.cfc:119 at /Users/lmajano/Sites/MyDevelopment/Frameworks/mxunit/framework/TestSuiteRunner.cfc:52 at /Users/lmajano/Sites/MyDevelopment/Frameworks/mxunit/framework/TestSuite.cfc:131 at /Users/lmajano/Sites/MyDevelopment/Frameworks/mxunit/runner/DirectoryTestSuite.cfc:37 at /Users/lmajano/Sites/MyDevelopment/Frameworks/mxunit/runner/HttpAntRunner.cfc:28]]></error>
    </testcase>
    <testcase classname="coldbox.testing.cases.cache.providers.CacheBoxWithJDBCSoreTest" name="testExpireAll" time="0.213">
      <error message="Expression"><![CDATA[Element OBJECTSTORE is undefined in a Java object of type class [Ljava.lang.String;. at /Users/lmajano/Sites/cboxdev/core/coldbox/system/cache/providers/CacheBoxProvider.cfc:530 at /Users/lmajano/Sites/cboxdev/core/coldbox/testing/cases/cache/providers/CacheBoxProviderTest.cfc:55 at /Users/lmajano/Sites/MyDevelopment/Frameworks/mxunit/framework/TestDecorator.cfc:30 at /Users/lmajano/Sites/MyDevelopment/Frameworks/mxunit/framework/TestSuiteRunner.cfc:119 at /Users/lmajano/Sites/MyDevelopment/Frameworks/mxunit/framework/TestSuiteRunner.cfc:52 at /Users/lmajano/Sites/MyDevelopment/Frameworks/mxunit/framework/TestSuite.cfc:131 at /Users/lmajano/Sites/MyDevelopment/Frameworks/mxunit/runner/DirectoryTestSuite.cfc:37 at /Users/lmajano/Sites/MyDevelopment/Frameworks/mxunit/runner/HttpAntRunner.cfc:28]]></error>
    </testcase>
    <testcase classname="coldbox.testing.cases.cache.providers.CacheBoxWithJDBCSoreTest" name="testLookupQuiet" time="0.152">
      <error message="Expression"><![CDATA[Element OBJECTSTORE is undefined in a Java object of type class [Ljava.lang.String;. at /Users/lmajano/Sites/cboxdev/core/coldbox/system/cache/providers/CacheBoxProvider.cfc:530 at /Users/lmajano/Sites/cboxdev/core/coldbox/testing/cases/cache/providers/CacheBoxProviderTest.cfc:55 at /Users/lmajano/Sites/MyDevelopment/Frameworks/mxunit/framework/TestDecorator.cfc:30 at /Users/lmajano/Sites/MyDevelopment/Frameworks/mxunit/framework/TestSuiteRunner.cfc:119 at /Users/lmajano/Sites/MyDevelopment/Frameworks/mxunit/framework/TestSuiteRunner.cfc:52 at /Users/lmajano/Sites/MyDevelopment/Frameworks/mxunit/framework/TestSuite.cfc:131 at /Users/lmajano/Sites/MyDevelopment/Frameworks/mxunit/runner/DirectoryTestSuite.cfc:37 at /Users/lmajano/Sites/MyDevelopment/Frameworks/mxunit/runner/HttpAntRunner.cfc:28]]></error>
    </testcase>
    <testcase classname="coldbox.testing.cases.cache.providers.CacheBoxWithJDBCSoreTest" name="testClearAll" time="0.18">
      <error message="Expression"><![CDATA[Element OBJECTSTORE is undefined in a Java object of type class [Ljava.lang.String;. at /Users/lmajano/Sites/cboxdev/core/coldbox/system/cache/providers/CacheBoxProvider.cfc:530 at /Users/lmajano/Sites/cboxdev/core/coldbox/testing/cases/cache/providers/CacheBoxProviderTest.cfc:55 at /Users/lmajano/Sites/MyDevelopment/Frameworks/mxunit/framework/TestDecorator.cfc:30 at /Users/lmajano/Sites/MyDevelopment/Frameworks/mxunit/framework/TestSuiteRunner.cfc:119 at /Users/lmajano/Sites/MyDevelopment/Frameworks/mxunit/framework/TestSuiteRunner.cfc:52 at /Users/lmajano/Sites/MyDevelopment/Frameworks/mxunit/framework/TestSuite.cfc:131 at /Users/lmajano/Sites/MyDevelopment/Frameworks/mxunit/runner/DirectoryTestSuite.cfc:37 at /Users/lmajano/Sites/MyDevelopment/Frameworks/mxunit/runner/HttpAntRunner.cfc:28]]></error>
    </testcase>
    <testcase classname="coldbox.testing.cases.cache.providers.CacheBoxWithJDBCSoreTest" name="testsetQuiet" time="0.188">
      <error message="Expression"><![CDATA[Element OBJECTSTORE is undefined in a Java object of type class [Ljava.lang.String;. at /Users/lmajano/Sites/cboxdev/core/coldbox/system/cache/providers/CacheBoxProvider.cfc:530 at /Users/lmajano/Sites/cboxdev/core/coldbox/testing/cases/cache/providers/CacheBoxProviderTest.cfc:55 at /Users/lmajano/Sites/MyDevelopment/Frameworks/mxunit/framework/TestDecorator.cfc:30 at /Users/lmajano/Sites/MyDevelopment/Frameworks/mxunit/framework/TestSuiteRunner.cfc:119 at /Users/lmajano/Sites/MyDevelopment/Frameworks/mxunit/framework/TestSuiteRunner.cfc:52 at /Users/lmajano/Sites/MyDevelopment/Frameworks/mxunit/framework/TestSuite.cfc:131 at /Users/lmajano/Sites/MyDevelopment/Frameworks/mxunit/runner/DirectoryTestSuite.cfc:37 at /Users/lmajano/Sites/MyDevelopment/Frameworks/mxunit/runner/HttpAntRunner.cfc:28]]></error>
    </testcase>
    <testcase classname="coldbox.testing.cases.cache.providers.CacheBoxWithJDBCSoreTest" name="testGetQuiet" time="0.204">
      <error message="Expression"><![CDATA[Element OBJECTSTORE is undefined in a Java object of type class [Ljava.lang.String;. at /Users/lmajano/Sites/cboxdev/core/coldbox/system/cache/providers/CacheBoxProvider.cfc:530 at /Users/lmajano/Sites/cboxdev/core/coldbox/testing/cases/cache/providers/CacheBoxProviderTest.cfc:55 at /Users/lmajano/Sites/MyDevelopment/Frameworks/mxunit/framework/TestDecorator.cfc:30 at /Users/lmajano/Sites/MyDevelopment/Frameworks/mxunit/framework/TestSuiteRunner.cfc:119 at /Users/lmajano/Sites/MyDevelopment/Frameworks/mxunit/framework/TestSuiteRunner.cfc:52 at /Users/lmajano/Sites/MyDevelopment/Frameworks/mxunit/framework/TestSuite.cfc:131 at /Users/lmajano/Sites/MyDevelopment/Frameworks/mxunit/runner/DirectoryTestSuite.cfc:37 at /Users/lmajano/Sites/MyDevelopment/Frameworks/mxunit/runner/HttpAntRunner.cfc:28]]></error>
    </testcase>
    <testcase classname="coldbox.testing.cases.cache.providers.CacheBoxWithJDBCSoreTest" name="testClearMulti" time="0.152">
      <error message="Expression"><![CDATA[Element OBJECTSTORE is undefined in a Java object of type class [Ljava.lang.String;. at /Users/lmajano/Sites/cboxdev/core/coldbox/system/cache/providers/CacheBoxProvider.cfc:530 at /Users/lmajano/Sites/cboxdev/core/coldbox/testing/cases/cache/providers/CacheBoxProviderTest.cfc:55 at /Users/lmajano/Sites/MyDevelopment/Frameworks/mxunit/framework/TestDecorator.cfc:30 at /Users/lmajano/Sites/MyDevelopment/Frameworks/mxunit/framework/TestSuiteRunner.cfc:119 at /Users/lmajano/Sites/MyDevelopment/Frameworks/mxunit/framework/TestSuiteRunner.cfc:52 at /Users/lmajano/Sites/MyDevelopment/Frameworks/mxunit/framework/TestSuite.cfc:131 at /Users/lmajano/Sites/MyDevelopment/Frameworks/mxunit/runner/DirectoryTestSuite.cfc:37 at /Users/lmajano/Sites/MyDevelopment/Frameworks/mxunit/runner/HttpAntRunner.cfc:28]]></error>
    </testcase>
    <testcase classname="coldbox.testing.cases.cache.providers.CacheBoxWithJDBCSoreTest" name="testGet" time="0.155">
      <error message="Expression"><![CDATA[Element OBJECTSTORE is undefined in a Java object of type class [Ljava.lang.String;. at /Users/lmajano/Sites/cboxdev/core/coldbox/system/cache/providers/CacheBoxProvider.cfc:530 at /Users/lmajano/Sites/cboxdev/core/coldbox/testing/cases/cache/providers/CacheBoxProviderTest.cfc:55 at /Users/lmajano/Sites/MyDevelopment/Frameworks/mxunit/framework/TestDecorator.cfc:30 at /Users/lmajano/Sites/MyDevelopment/Frameworks/mxunit/framework/TestSuiteRunner.cfc:119 at /Users/lmajano/Sites/MyDevelopment/Frameworks/mxunit/framework/TestSuiteRunner.cfc:52 at /Users/lmajano/Sites/MyDevelopment/Frameworks/mxunit/framework/TestSuite.cfc:131 at /Users/lmajano/Sites/MyDevelopment/Frameworks/mxunit/runner/DirectoryTestSuite.cfc:37 at /Users/lmajano/Sites/MyDevelopment/Frameworks/mxunit/runner/HttpAntRunner.cfc:28]]></error>
    </testcase>
    <testcase classname="coldbox.testing.cases.cache.providers.CacheBoxWithJDBCSoreTest" name="testShutdown" time="0.204">
      <error message="Expression"><![CDATA[Element OBJECTSTORE is undefined in a Java object of type class [Ljava.lang.String;. at /Users/lmajano/Sites/cboxdev/core/coldbox/system/cache/providers/CacheBoxProvider.cfc:530 at /Users/lmajano/Sites/cboxdev/core/coldbox/testing/cases/cache/providers/CacheBoxProviderTest.cfc:55 at /Users/lmajano/Sites/MyDevelopment/Frameworks/mxunit/framework/TestDecorator.cfc:30 at /Users/lmajano/Sites/MyDevelopment/Frameworks/mxunit/framework/TestSuiteRunner.cfc:119 at /Users/lmajano/Sites/MyDevelopment/Frameworks/mxunit/framework/TestSuiteRunner.cfc:52 at /Users/lmajano/Sites/MyDevelopment/Frameworks/mxunit/framework/TestSuite.cfc:131 at /Users/lmajano/Sites/MyDevelopment/Frameworks/mxunit/runner/DirectoryTestSuite.cfc:37 at /Users/lmajano/Sites/MyDevelopment/Frameworks/mxunit/runner/HttpAntRunner.cfc:28]]></error>
    </testcase>
    <testcase classname="coldbox.testing.cases.cache.providers.CacheBoxWithJDBCSoreTest" name="testGetKeys" time="0.156">
      <error message="Expression"><![CDATA[Element OBJECTSTORE is undefined in a Java object of type class [Ljava.lang.String;. at /Users/lmajano/Sites/cboxdev/core/coldbox/system/cache/providers/CacheBoxProvider.cfc:530 at /Users/lmajano/Sites/cboxdev/core/coldbox/testing/cases/cache/providers/CacheBoxProviderTest.cfc:55 at /Users/lmajano/Sites/MyDevelopment/Frameworks/mxunit/framework/TestDecorator.cfc:30 at /Users/lmajano/Sites/MyDevelopment/Frameworks/mxunit/framework/TestSuiteRunner.cfc:119 at /Users/lmajano/Sites/MyDevelopment/Frameworks/mxunit/framework/TestSuiteRunner.cfc:52 at /Users/lmajano/Sites/MyDevelopment/Frameworks/mxunit/framework/TestSuite.cfc:131 at /Users/lmajano/Sites/MyDevelopment/Frameworks/mxunit/runner/DirectoryTestSuite.cfc:37 at /Users/lmajano/Sites/MyDevelopment/Frameworks/mxunit/runner/HttpAntRunner.cfc:28]]></error>
    </testcase>
    <testcase classname="coldbox.testing.cases.cache.providers.CacheBoxWithJDBCSoreTest" name="testgetCachedObjectMetadata" time="0.155">
      <error message="Expression"><![CDATA[Element OBJECTSTORE is undefined in a Java object of type class [Ljava.lang.String;. at /Users/lmajano/Sites/cboxdev/core/coldbox/system/cache/providers/CacheBoxProvider.cfc:530 at /Users/lmajano/Sites/cboxdev/core/coldbox/testing/cases/cache/providers/CacheBoxProviderTest.cfc:55 at /Users/lmajano/Sites/MyDevelopment/Frameworks/mxunit/framework/TestDecorator.cfc:30 at /Users/lmajano/Sites/MyDevelopment/Frameworks/mxunit/framework/TestSuiteRunner.cfc:119 at /Users/lmajano/Sites/MyDevelopment/Frameworks/mxunit/framework/TestSuiteRunner.cfc:52 at /Users/lmajano/Sites/MyDevelopment/Frameworks/mxunit/framework/TestSuite.cfc:131 at /Users/lmajano/Sites/MyDevelopment/Frameworks/mxunit/runner/DirectoryTestSuite.cfc:37 at /Users/lmajano/Sites/MyDevelopment/Frameworks/mxunit/runner/HttpAntRunner.cfc:28]]></error>
    </testcase>
    <testcase classname="coldbox.testing.cases.cache.providers.CacheBoxWithJDBCSoreTest" name="testGetSize" time="0.159">
      <error message="Expression"><![CDATA[Element OBJECTSTORE is undefined in a Java object of type class [Ljava.lang.String;. at /Users/lmajano/Sites/cboxdev/core/coldbox/system/cache/providers/CacheBoxProvider.cfc:530 at /Users/lmajano/Sites/cboxdev/core/coldbox/testing/cases/cache/providers/CacheBoxProviderTest.cfc:55 at /Users/lmajano/Sites/MyDevelopment/Frameworks/mxunit/framework/TestDecorator.cfc:30 at /Users/lmajano/Sites/MyDevelopment/Frameworks/mxunit/framework/TestSuiteRunner.cfc:119 at /Users/lmajano/Sites/MyDevelopment/Frameworks/mxunit/framework/TestSuiteRunner.cfc:52 at /Users/lmajano/Sites/MyDevelopment/Frameworks/mxunit/framework/TestSuite.cfc:131 at /Users/lmajano/Sites/MyDevelopment/Frameworks/mxunit/runner/DirectoryTestSuite.cfc:37 at /Users/lmajano/Sites/MyDevelopment/Frameworks/mxunit/runner/HttpAntRunner.cfc:28]]></error>
    </testcase>
    <testcase classname="coldbox.testing.cases.cache.providers.CacheBoxWithJDBCSoreTest" name="testLookupMulti" time="0.228">
      <error message="Expression"><![CDATA[Element OBJECTSTORE is undefined in a Java object of type class [Ljava.lang.String;. at /Users/lmajano/Sites/cboxdev/core/coldbox/system/cache/providers/CacheBoxProvider.cfc:530 at /Users/lmajano/Sites/cboxdev/core/coldbox/testing/cases/cache/providers/CacheBoxProviderTest.cfc:55 at /Users/lmajano/Sites/MyDevelopment/Frameworks/mxunit/framework/TestDecorator.cfc:30 at /Users/lmajano/Sites/MyDevelopment/Frameworks/mxunit/framework/TestSuiteRunner.cfc:119 at /Users/lmajano/Sites/MyDevelopment/Frameworks/mxunit/framework/TestSuiteRunner.cfc:52 at /Users/lmajano/Sites/MyDevelopment/Frameworks/mxunit/framework/TestSuite.cfc:131 at /Users/lmajano/Sites/MyDevelopment/Frameworks/mxunit/runner/DirectoryTestSuite.cfc:37 at /Users/lmajano/Sites/MyDevelopment/Frameworks/mxunit/runner/HttpAntRunner.cfc:28]]></error>
    </testcase>
    <testcase classname="coldbox.testing.cases.cache.providers.CacheBoxWithJDBCSoreTest" name="testClear" time="0.152">
      <error message="Expression"><![CDATA[Element OBJECTSTORE is undefined in a Java object of type class [Ljava.lang.String;. at /Users/lmajano/Sites/cboxdev/core/coldbox/system/cache/providers/CacheBoxProvider.cfc:530 at /Users/lmajano/Sites/cboxdev/core/coldbox/testing/cases/cache/providers/CacheBoxProviderTest.cfc:55 at /Users/lmajano/Sites/MyDevelopment/Frameworks/mxunit/framework/TestDecorator.cfc:30 at /Users/lmajano/Sites/MyDevelopment/Frameworks/mxunit/framework/TestSuiteRunner.cfc:119 at /Users/lmajano/Sites/MyDevelopment/Frameworks/mxunit/framework/TestSuiteRunner.cfc:52 at /Users/lmajano/Sites/MyDevelopment/Frameworks/mxunit/framework/TestSuite.cfc:131 at /Users/lmajano/Sites/MyDevelopment/Frameworks/mxunit/runner/DirectoryTestSuite.cfc:37 at /Users/lmajano/Sites/MyDevelopment/Frameworks/mxunit/runner/HttpAntRunner.cfc:28]]></error>
    </testcase>
    <testcase classname="coldbox.testing.cases.cache.providers.CacheBoxWithJDBCSoreTest" name="testSetMulti" time="0.16">
      <error message="Expression"><![CDATA[Element OBJECTSTORE is undefined in a Java object of type class [Ljava.lang.String;. at /Users/lmajano/Sites/cboxdev/core/coldbox/system/cache/providers/CacheBoxProvider.cfc:530 at /Users/lmajano/Sites/cboxdev/core/coldbox/testing/cases/cache/providers/CacheBoxProviderTest.cfc:55 at /Users/lmajano/Sites/MyDevelopment/Frameworks/mxunit/framework/TestDecorator.cfc:30 at /Users/lmajano/Sites/MyDevelopment/Frameworks/mxunit/framework/TestSuiteRunner.cfc:119 at /Users/lmajano/Sites/MyDevelopment/Frameworks/mxunit/framework/TestSuiteRunner.cfc:52 at /Users/lmajano/Sites/MyDevelopment/Frameworks/mxunit/framework/TestSuite.cfc:131 at /Users/lmajano/Sites/MyDevelopment/Frameworks/mxunit/runner/DirectoryTestSuite.cfc:37 at /Users/lmajano/Sites/MyDevelopment/Frameworks/mxunit/runner/HttpAntRunner.cfc:28]]></error>
    </testcase>
    <testcase classname="coldbox.testing.cases.cache.providers.CacheBoxWithJDBCSoreTest" name="testExpireByKeySnippet" time="0.561">
      <error message="Expression"><![CDATA[Element OBJECTSTORE is undefined in a Java object of type class [Ljava.lang.String;. at /Users/lmajano/Sites/cboxdev/core/coldbox/system/cache/providers/CacheBoxProvider.cfc:530 at /Users/lmajano/Sites/cboxdev/core/coldbox/testing/cases/cache/providers/CacheBoxProviderTest.cfc:55 at /Users/lmajano/Sites/MyDevelopment/Frameworks/mxunit/framework/TestDecorator.cfc:30 at /Users/lmajano/Sites/MyDevelopment/Frameworks/mxunit/framework/TestSuiteRunner.cfc:119 at /Users/lmajano/Sites/MyDevelopment/Frameworks/mxunit/framework/TestSuiteRunner.cfc:52 at /Users/lmajano/Sites/MyDevelopment/Frameworks/mxunit/framework/TestSuite.cfc:131 at /Users/lmajano/Sites/MyDevelopment/Frameworks/mxunit/runner/DirectoryTestSuite.cfc:37 at /Users/lmajano/Sites/MyDevelopment/Frameworks/mxunit/runner/HttpAntRunner.cfc:28]]></error>
    </testcase>
    <testcase classname="coldbox.testing.cases.cache.providers.CacheBoxWithJDBCSoreTest" name="testGetMulti" time="0.293">
      <error message="Expression"><![CDATA[Element OBJECTSTORE is undefined in a Java object of type class [Ljava.lang.String;. at /Users/lmajano/Sites/cboxdev/core/coldbox/system/cache/providers/CacheBoxProvider.cfc:530 at /Users/lmajano/Sites/cboxdev/core/coldbox/testing/cases/cache/providers/CacheBoxProviderTest.cfc:55 at /Users/lmajano/Sites/MyDevelopment/Frameworks/mxunit/framework/TestDecorator.cfc:30 at /Users/lmajano/Sites/MyDevelopment/Frameworks/mxunit/framework/TestSuiteRunner.cfc:119 at /Users/lmajano/Sites/MyDevelopment/Frameworks/mxunit/framework/TestSuiteRunner.cfc:52 at /Users/lmajano/Sites/MyDevelopment/Frameworks/mxunit/framework/TestSuite.cfc:131 at /Users/lmajano/Sites/MyDevelopment/Frameworks/mxunit/runner/DirectoryTestSuite.cfc:37 at /Users/lmajano/Sites/MyDevelopment/Frameworks/mxunit/runner/HttpAntRunner.cfc:28]]></error>
    </testcase>
    <testcase classname="coldbox.testing.cases.cache.providers.CacheBoxWithJDBCSoreTest" name="testLookup" time="0.162">
      <error message="Expression"><![CDATA[Element OBJECTSTORE is undefined in a Java object of type class [Ljava.lang.String;. at /Users/lmajano/Sites/cboxdev/core/coldbox/system/cache/providers/CacheBoxProvider.cfc:530 at /Users/lmajano/Sites/cboxdev/core/coldbox/testing/cases/cache/providers/CacheBoxProviderTest.cfc:55 at /Users/lmajano/Sites/MyDevelopment/Frameworks/mxunit/framework/TestDecorator.cfc:30 at /Users/lmajano/Sites/MyDevelopment/Frameworks/mxunit/framework/TestSuiteRunner.cfc:119 at /Users/lmajano/Sites/MyDevelopment/Frameworks/mxunit/framework/TestSuiteRunner.cfc:52 at /Users/lmajano/Sites/MyDevelopment/Frameworks/mxunit/framework/TestSuite.cfc:131 at /Users/lmajano/Sites/MyDevelopment/Frameworks/mxunit/runner/DirectoryTestSuite.cfc:37 at /Users/lmajano/Sites/MyDevelopment/Frameworks/mxunit/runner/HttpAntRunner.cfc:28]]></error>
    </testcase>
    <testcase classname="coldbox.testing.cases.cache.providers.CacheBoxWithJDBCSoreTest" name="testClearQuiet" time="0.193">
      <error message="Expression"><![CDATA[Element OBJECTSTORE is undefined in a Java object of type class [Ljava.lang.String;. at /Users/lmajano/Sites/cboxdev/core/coldbox/system/cache/providers/CacheBoxProvider.cfc:530 at /Users/lmajano/Sites/cboxdev/core/coldbox/testing/cases/cache/providers/CacheBoxProviderTest.cfc:55 at /Users/lmajano/Sites/MyDevelopment/Frameworks/mxunit/framework/TestDecorator.cfc:30 at /Users/lmajano/Sites/MyDevelopment/Frameworks/mxunit/framework/TestSuiteRunner.cfc:119 at /Users/lmajano/Sites/MyDevelopment/Frameworks/mxunit/framework/TestSuiteRunner.cfc:52 at /Users/lmajano/Sites/MyDevelopment/Frameworks/mxunit/framework/TestSuite.cfc:131 at /Users/lmajano/Sites/MyDevelopment/Frameworks/mxunit/runner/DirectoryTestSuite.cfc:37 at /Users/lmajano/Sites/MyDevelopment/Frameworks/mxunit/runner/HttpAntRunner.cfc:28]]></error>
    </testcase>
    <testcase classname="coldbox.testing.cases.cache.providers.CFColdBoxProviderTest" name="testclearViewMulti" time="0.428" />
    <testcase classname="coldbox.testing.cases.cache.providers.CFColdBoxProviderTest" name="testclearEventMulti" time="0.1" />
    <testcase classname="coldbox.testing.cases.cache.providers.CFColdBoxProviderTest" name="testClearAllEvents" time="0.146" />
    <testcase classname="coldbox.testing.cases.cache.providers.CFColdBoxProviderTest" name="testclearView" time="0.132" />
    <testcase classname="coldbox.testing.cases.cache.providers.CFColdBoxProviderTest" name="testPrefixes" time="0.128">
      <error message="Application"><![CDATA[The method getHandlerCacheKeyPrefix was not found in component /Users/lmajano/Sites/cboxdev/core/coldbox/system/cache/providers/CFColdBoxProvider.cfc. at /Users/lmajano/Sites/cboxdev/core/coldbox/testing/cases/cache/providers/CFColdBoxProviderTest.cfc:36 at /Users/lmajano/Sites/MyDevelopment/Frameworks/mxunit/framework/TestCase.cfc:113 at /Users/lmajano/Sites/MyDevelopment/Frameworks/mxunit/framework/decorators/DataProviderDecorator.cfc:31 at /Users/lmajano/Sites/MyDevelopment/Frameworks/mxunit/framework/TestSuiteRunner.cfc:99 at /Users/lmajano/Sites/MyDevelopment/Frameworks/mxunit/framework/TestSuiteRunner.cfc:52 at /Users/lmajano/Sites/MyDevelopment/Frameworks/mxunit/framework/TestSuite.cfc:131 at /Users/lmajano/Sites/MyDevelopment/Frameworks/mxunit/runner/DirectoryTestSuite.cfc:37 at /Users/lmajano/Sites/MyDevelopment/Frameworks/mxunit/runner/HttpAntRunner.cfc:28]]></error>
    </testcase>
    <testcase classname="coldbox.testing.cases.cache.providers.CFColdBoxProviderTest" name="testClearAllViews" time="0.153" />
    <testcase classname="coldbox.testing.cases.cache.providers.CFColdBoxProviderTest" name="testclearByKeySnippet" time="0.093" />
    <testcase classname="coldbox.testing.cases.cache.providers.CFColdBoxProviderTest" name="testgetEventURLFacade" time="0.107" />
    <testcase classname="coldbox.testing.cases.cache.providers.CFColdBoxProviderTest" name="testclearEvent" time="0.139" />
    <testcase classname="coldbox.testing.cases.cache.providers.CFColdBoxProviderTest" name="testClearQuiet" time="0.21" />
    <testcase classname="coldbox.testing.cases.cache.providers.CFColdBoxProviderTest" name="testSetQuiet" time="0.104" />
    <testcase classname="coldbox.testing.cases.cache.providers.CFColdBoxProviderTest" name="testLookup" time="0.116" />
    <testcase classname="coldbox.testing.cases.cache.providers.CFColdBoxProviderTest" name="testGetQuiet" time="0.204" />
    <testcase classname="coldbox.testing.cases.cache.providers.CFColdBoxProviderTest" name="testGet" time="0.102" />
    <testcase classname="coldbox.testing.cases.cache.providers.CFColdBoxProviderTest" name="testShutdown" time="0.115" />
    <testcase classname="coldbox.testing.cases.cache.providers.CFColdBoxProviderTest" name="testgetKeys" time="0.129" />
    <testcase classname="coldbox.testing.cases.cache.providers.CFColdBoxProviderTest" name="testGetSize" time="0.142" />
    <testcase classname="coldbox.testing.cases.cache.providers.CFColdBoxProviderTest" name="testClear" time="0.134" />
    <testcase classname="coldbox.testing.cases.cache.providers.CFColdBoxProviderTest" name="testLookupQuiet" time="0.289" />
    <testcase classname="coldbox.testing.cases.cache.providers.CFColdBoxProviderTest" name="testSet" time="0.102" />
    <testcase classname="coldbox.testing.cases.cache.providers.CFColdBoxProviderTest" name="testgetCachedObjectMetadata" time="0.099" />
    <testcase classname="coldbox.testing.cases.cache.providers.CFProviderTest" name="testClearQuiet" time="0.137" />
    <testcase classname="coldbox.testing.cases.cache.providers.CFProviderTest" name="testSetQuiet" time="0.128" />
    <testcase classname="coldbox.testing.cases.cache.providers.CFProviderTest" name="testLookup" time="0.197" />
    <testcase classname="coldbox.testing.cases.cache.providers.CFProviderTest" name="testGetQuiet" time="0.114" />
    <testcase classname="coldbox.testing.cases.cache.providers.CFProviderTest" name="testGet" time="0.186" />
    <testcase classname="coldbox.testing.cases.cache.providers.CFProviderTest" name="testShutdown" time="0.101" />
    <testcase classname="coldbox.testing.cases.cache.providers.CFProviderTest" name="testgetKeys" time="0.097" />
    <testcase classname="coldbox.testing.cases.cache.providers.CFProviderTest" name="testGetSize" time="0.119" />
    <testcase classname="coldbox.testing.cases.cache.providers.CFProviderTest" name="testClear" time="0.138" />
    <testcase classname="coldbox.testing.cases.cache.providers.CFProviderTest" name="testLookupQuiet" time="0.182" />
    <testcase classname="coldbox.testing.cases.cache.providers.CFProviderTest" name="testSet" time="0.161" />
    <testcase classname="coldbox.testing.cases.cache.providers.CFProviderTest" name="testgetCachedObjectMetadata" time="0.176" />
    <testcase classname="coldbox.testing.cases.cache.providers.MockProviderTest" name="testMethods" time="0.003" />
    <testcase classname="coldbox.testing.cases.cache.providers.RailoColdBoxProviderTest" name="testclearViewMulti" time="0.229">
      <error message="Expression"><![CDATA[Variable CACHE is undefined. at /Users/lmajano/Sites/cboxdev/core/coldbox/testing/cases/cache/providers/RailoProviderTest.cfc:46 at /Users/lmajano/Sites/MyDevelopment/Frameworks/mxunit/framework/TestDecorator.cfc:30 at /Users/lmajano/Sites/MyDevelopment/Frameworks/mxunit/framework/TestSuiteRunner.cfc:119 at /Users/lmajano/Sites/MyDevelopment/Frameworks/mxunit/framework/TestSuiteRunner.cfc:52 at /Users/lmajano/Sites/MyDevelopment/Frameworks/mxunit/framework/TestSuite.cfc:131 at /Users/lmajano/Sites/MyDevelopment/Frameworks/mxunit/runner/DirectoryTestSuite.cfc:37 at /Users/lmajano/Sites/MyDevelopment/Frameworks/mxunit/runner/HttpAntRunner.cfc:28]]></error>
    </testcase>
    <testcase classname="coldbox.testing.cases.cache.providers.RailoColdBoxProviderTest" name="testclearEventMulti" time="0.189">
      <error message="Expression"><![CDATA[Variable CACHE is undefined. at /Users/lmajano/Sites/cboxdev/core/coldbox/testing/cases/cache/providers/RailoProviderTest.cfc:46 at /Users/lmajano/Sites/MyDevelopment/Frameworks/mxunit/framework/TestDecorator.cfc:30 at /Users/lmajano/Sites/MyDevelopment/Frameworks/mxunit/framework/TestSuiteRunner.cfc:119 at /Users/lmajano/Sites/MyDevelopment/Frameworks/mxunit/framework/TestSuiteRunner.cfc:52 at /Users/lmajano/Sites/MyDevelopment/Frameworks/mxunit/framework/TestSuite.cfc:131 at /Users/lmajano/Sites/MyDevelopment/Frameworks/mxunit/runner/DirectoryTestSuite.cfc:37 at /Users/lmajano/Sites/MyDevelopment/Frameworks/mxunit/runner/HttpAntRunner.cfc:28]]></error>
    </testcase>
    <testcase classname="coldbox.testing.cases.cache.providers.RailoColdBoxProviderTest" name="testClearAllEvents" time="0.19">
      <error message="Expression"><![CDATA[Variable CACHE is undefined. at /Users/lmajano/Sites/cboxdev/core/coldbox/testing/cases/cache/providers/RailoProviderTest.cfc:46 at /Users/lmajano/Sites/MyDevelopment/Frameworks/mxunit/framework/TestDecorator.cfc:30 at /Users/lmajano/Sites/MyDevelopment/Frameworks/mxunit/framework/TestSuiteRunner.cfc:119 at /Users/lmajano/Sites/MyDevelopment/Frameworks/mxunit/framework/TestSuiteRunner.cfc:52 at /Users/lmajano/Sites/MyDevelopment/Frameworks/mxunit/framework/TestSuite.cfc:131 at /Users/lmajano/Sites/MyDevelopment/Frameworks/mxunit/runner/DirectoryTestSuite.cfc:37 at /Users/lmajano/Sites/MyDevelopment/Frameworks/mxunit/runner/HttpAntRunner.cfc:28]]></error>
    </testcase>
    <testcase classname="coldbox.testing.cases.cache.providers.RailoColdBoxProviderTest" name="testclearView" time="0.162">
      <error message="Expression"><![CDATA[Variable CACHE is undefined. at /Users/lmajano/Sites/cboxdev/core/coldbox/testing/cases/cache/providers/RailoProviderTest.cfc:46 at /Users/lmajano/Sites/MyDevelopment/Frameworks/mxunit/framework/TestDecorator.cfc:30 at /Users/lmajano/Sites/MyDevelopment/Frameworks/mxunit/framework/TestSuiteRunner.cfc:119 at /Users/lmajano/Sites/MyDevelopment/Frameworks/mxunit/framework/TestSuiteRunner.cfc:52 at /Users/lmajano/Sites/MyDevelopment/Frameworks/mxunit/framework/TestSuite.cfc:131 at /Users/lmajano/Sites/MyDevelopment/Frameworks/mxunit/runner/DirectoryTestSuite.cfc:37 at /Users/lmajano/Sites/MyDevelopment/Frameworks/mxunit/runner/HttpAntRunner.cfc:28]]></error>
    </testcase>
    <testcase classname="coldbox.testing.cases.cache.providers.RailoColdBoxProviderTest" name="testPrefixes" time="0.234">
      <error message="Expression"><![CDATA[Variable CACHE is undefined. at /Users/lmajano/Sites/cboxdev/core/coldbox/testing/cases/cache/providers/RailoProviderTest.cfc:46 at /Users/lmajano/Sites/MyDevelopment/Frameworks/mxunit/framework/TestDecorator.cfc:30 at /Users/lmajano/Sites/MyDevelopment/Frameworks/mxunit/framework/TestSuiteRunner.cfc:119 at /Users/lmajano/Sites/MyDevelopment/Frameworks/mxunit/framework/TestSuiteRunner.cfc:52 at /Users/lmajano/Sites/MyDevelopment/Frameworks/mxunit/framework/TestSuite.cfc:131 at /Users/lmajano/Sites/MyDevelopment/Frameworks/mxunit/runner/DirectoryTestSuite.cfc:37 at /Users/lmajano/Sites/MyDevelopment/Frameworks/mxunit/runner/HttpAntRunner.cfc:28]]></error>
    </testcase>
    <testcase classname="coldbox.testing.cases.cache.providers.RailoColdBoxProviderTest" name="testClearAllViews" time="0.156">
      <error message="Expression"><![CDATA[Variable CACHE is undefined. at /Users/lmajano/Sites/cboxdev/core/coldbox/testing/cases/cache/providers/RailoProviderTest.cfc:46 at /Users/lmajano/Sites/MyDevelopment/Frameworks/mxunit/framework/TestDecorator.cfc:30 at /Users/lmajano/Sites/MyDevelopment/Frameworks/mxunit/framework/TestSuiteRunner.cfc:119 at /Users/lmajano/Sites/MyDevelopment/Frameworks/mxunit/framework/TestSuiteRunner.cfc:52 at /Users/lmajano/Sites/MyDevelopment/Frameworks/mxunit/framework/TestSuite.cfc:131 at /Users/lmajano/Sites/MyDevelopment/Frameworks/mxunit/runner/DirectoryTestSuite.cfc:37 at /Users/lmajano/Sites/MyDevelopment/Frameworks/mxunit/runner/HttpAntRunner.cfc:28]]></error>
    </testcase>
    <testcase classname="coldbox.testing.cases.cache.providers.RailoColdBoxProviderTest" name="testclearByKeySnippet" time="0.268">
      <error message="Expression"><![CDATA[Variable CACHE is undefined. at /Users/lmajano/Sites/cboxdev/core/coldbox/testing/cases/cache/providers/RailoProviderTest.cfc:46 at /Users/lmajano/Sites/MyDevelopment/Frameworks/mxunit/framework/TestDecorator.cfc:30 at /Users/lmajano/Sites/MyDevelopment/Frameworks/mxunit/framework/TestSuiteRunner.cfc:119 at /Users/lmajano/Sites/MyDevelopment/Frameworks/mxunit/framework/TestSuiteRunner.cfc:52 at /Users/lmajano/Sites/MyDevelopment/Frameworks/mxunit/framework/TestSuite.cfc:131 at /Users/lmajano/Sites/MyDevelopment/Frameworks/mxunit/runner/DirectoryTestSuite.cfc:37 at /Users/lmajano/Sites/MyDevelopment/Frameworks/mxunit/runner/HttpAntRunner.cfc:28]]></error>
    </testcase>
    <testcase classname="coldbox.testing.cases.cache.providers.RailoColdBoxProviderTest" name="testgetEventURLFacade" time="0.203">
      <error message="Expression"><![CDATA[Variable CACHE is undefined. at /Users/lmajano/Sites/cboxdev/core/coldbox/testing/cases/cache/providers/RailoProviderTest.cfc:46 at /Users/lmajano/Sites/MyDevelopment/Frameworks/mxunit/framework/TestDecorator.cfc:30 at /Users/lmajano/Sites/MyDevelopment/Frameworks/mxunit/framework/TestSuiteRunner.cfc:119 at /Users/lmajano/Sites/MyDevelopment/Frameworks/mxunit/framework/TestSuiteRunner.cfc:52 at /Users/lmajano/Sites/MyDevelopment/Frameworks/mxunit/framework/TestSuite.cfc:131 at /Users/lmajano/Sites/MyDevelopment/Frameworks/mxunit/runner/DirectoryTestSuite.cfc:37 at /Users/lmajano/Sites/MyDevelopment/Frameworks/mxunit/runner/HttpAntRunner.cfc:28]]></error>
    </testcase>
    <testcase classname="coldbox.testing.cases.cache.providers.RailoColdBoxProviderTest" name="testclearEvent" time="0.19">
      <error message="Expression"><![CDATA[Variable CACHE is undefined. at /Users/lmajano/Sites/cboxdev/core/coldbox/testing/cases/cache/providers/RailoProviderTest.cfc:46 at /Users/lmajano/Sites/MyDevelopment/Frameworks/mxunit/framework/TestDecorator.cfc:30 at /Users/lmajano/Sites/MyDevelopment/Frameworks/mxunit/framework/TestSuiteRunner.cfc:119 at /Users/lmajano/Sites/MyDevelopment/Frameworks/mxunit/framework/TestSuiteRunner.cfc:52 at /Users/lmajano/Sites/MyDevelopment/Frameworks/mxunit/framework/TestSuite.cfc:131 at /Users/lmajano/Sites/MyDevelopment/Frameworks/mxunit/runner/DirectoryTestSuite.cfc:37 at /Users/lmajano/Sites/MyDevelopment/Frameworks/mxunit/runner/HttpAntRunner.cfc:28]]></error>
    </testcase>
    <testcase classname="coldbox.testing.cases.cache.providers.RailoColdBoxProviderTest" name="testClearQuiet" time="0.198">
      <error message="Expression"><![CDATA[Variable CACHE is undefined. at /Users/lmajano/Sites/cboxdev/core/coldbox/testing/cases/cache/providers/RailoProviderTest.cfc:46 at /Users/lmajano/Sites/MyDevelopment/Frameworks/mxunit/framework/TestDecorator.cfc:30 at /Users/lmajano/Sites/MyDevelopment/Frameworks/mxunit/framework/TestSuiteRunner.cfc:119 at /Users/lmajano/Sites/MyDevelopment/Frameworks/mxunit/framework/TestSuiteRunner.cfc:52 at /Users/lmajano/Sites/MyDevelopment/Frameworks/mxunit/framework/TestSuite.cfc:131 at /Users/lmajano/Sites/MyDevelopment/Frameworks/mxunit/runner/DirectoryTestSuite.cfc:37 at /Users/lmajano/Sites/MyDevelopment/Frameworks/mxunit/runner/HttpAntRunner.cfc:28]]></error>
    </testcase>
    <testcase classname="coldbox.testing.cases.cache.providers.RailoColdBoxProviderTest" name="testSetQuiet" time="0.223">
      <error message="Expression"><![CDATA[Variable CACHE is undefined. at /Users/lmajano/Sites/cboxdev/core/coldbox/testing/cases/cache/providers/RailoProviderTest.cfc:46 at /Users/lmajano/Sites/MyDevelopment/Frameworks/mxunit/framework/TestDecorator.cfc:30 at /Users/lmajano/Sites/MyDevelopment/Frameworks/mxunit/framework/TestSuiteRunner.cfc:119 at /Users/lmajano/Sites/MyDevelopment/Frameworks/mxunit/framework/TestSuiteRunner.cfc:52 at /Users/lmajano/Sites/MyDevelopment/Frameworks/mxunit/framework/TestSuite.cfc:131 at /Users/lmajano/Sites/MyDevelopment/Frameworks/mxunit/runner/DirectoryTestSuite.cfc:37 at /Users/lmajano/Sites/MyDevelopment/Frameworks/mxunit/runner/HttpAntRunner.cfc:28]]></error>
    </testcase>
    <testcase classname="coldbox.testing.cases.cache.providers.RailoColdBoxProviderTest" name="testLookup" time="0.175">
      <error message="Expression"><![CDATA[Variable CACHE is undefined. at /Users/lmajano/Sites/cboxdev/core/coldbox/testing/cases/cache/providers/RailoProviderTest.cfc:46 at /Users/lmajano/Sites/MyDevelopment/Frameworks/mxunit/framework/TestDecorator.cfc:30 at /Users/lmajano/Sites/MyDevelopment/Frameworks/mxunit/framework/TestSuiteRunner.cfc:119 at /Users/lmajano/Sites/MyDevelopment/Frameworks/mxunit/framework/TestSuiteRunner.cfc:52 at /Users/lmajano/Sites/MyDevelopment/Frameworks/mxunit/framework/TestSuite.cfc:131 at /Users/lmajano/Sites/MyDevelopment/Frameworks/mxunit/runner/DirectoryTestSuite.cfc:37 at /Users/lmajano/Sites/MyDevelopment/Frameworks/mxunit/runner/HttpAntRunner.cfc:28]]></error>
    </testcase>
    <testcase classname="coldbox.testing.cases.cache.providers.RailoColdBoxProviderTest" name="testGetQuiet" time="0.191">
      <error message="Expression"><![CDATA[Variable CACHE is undefined. at /Users/lmajano/Sites/cboxdev/core/coldbox/testing/cases/cache/providers/RailoProviderTest.cfc:46 at /Users/lmajano/Sites/MyDevelopment/Frameworks/mxunit/framework/TestDecorator.cfc:30 at /Users/lmajano/Sites/MyDevelopment/Frameworks/mxunit/framework/TestSuiteRunner.cfc:119 at /Users/lmajano/Sites/MyDevelopment/Frameworks/mxunit/framework/TestSuiteRunner.cfc:52 at /Users/lmajano/Sites/MyDevelopment/Frameworks/mxunit/framework/TestSuite.cfc:131 at /Users/lmajano/Sites/MyDevelopment/Frameworks/mxunit/runner/DirectoryTestSuite.cfc:37 at /Users/lmajano/Sites/MyDevelopment/Frameworks/mxunit/runner/HttpAntRunner.cfc:28]]></error>
    </testcase>
    <testcase classname="coldbox.testing.cases.cache.providers.RailoColdBoxProviderTest" name="testGet" time="0.173">
      <error message="Expression"><![CDATA[Variable CACHE is undefined. at /Users/lmajano/Sites/cboxdev/core/coldbox/testing/cases/cache/providers/RailoProviderTest.cfc:46 at /Users/lmajano/Sites/MyDevelopment/Frameworks/mxunit/framework/TestDecorator.cfc:30 at /Users/lmajano/Sites/MyDevelopment/Frameworks/mxunit/framework/TestSuiteRunner.cfc:119 at /Users/lmajano/Sites/MyDevelopment/Frameworks/mxunit/framework/TestSuiteRunner.cfc:52 at /Users/lmajano/Sites/MyDevelopment/Frameworks/mxunit/framework/TestSuite.cfc:131 at /Users/lmajano/Sites/MyDevelopment/Frameworks/mxunit/runner/DirectoryTestSuite.cfc:37 at /Users/lmajano/Sites/MyDevelopment/Frameworks/mxunit/runner/HttpAntRunner.cfc:28]]></error>
    </testcase>
    <testcase classname="coldbox.testing.cases.cache.providers.RailoColdBoxProviderTest" name="testShutdown" time="0.207">
      <error message="Expression"><![CDATA[Variable CACHE is undefined. at /Users/lmajano/Sites/cboxdev/core/coldbox/testing/cases/cache/providers/RailoProviderTest.cfc:46 at /Users/lmajano/Sites/MyDevelopment/Frameworks/mxunit/framework/TestDecorator.cfc:30 at /Users/lmajano/Sites/MyDevelopment/Frameworks/mxunit/framework/TestSuiteRunner.cfc:119 at /Users/lmajano/Sites/MyDevelopment/Frameworks/mxunit/framework/TestSuiteRunner.cfc:52 at /Users/lmajano/Sites/MyDevelopment/Frameworks/mxunit/framework/TestSuite.cfc:131 at /Users/lmajano/Sites/MyDevelopment/Frameworks/mxunit/runner/DirectoryTestSuite.cfc:37 at /Users/lmajano/Sites/MyDevelopment/Frameworks/mxunit/runner/HttpAntRunner.cfc:28]]></error>
    </testcase>
    <testcase classname="coldbox.testing.cases.cache.providers.RailoColdBoxProviderTest" name="testgetKeys" time="0.167">
      <error message="Expression"><![CDATA[Variable CACHE is undefined. at /Users/lmajano/Sites/cboxdev/core/coldbox/testing/cases/cache/providers/RailoProviderTest.cfc:46 at /Users/lmajano/Sites/MyDevelopment/Frameworks/mxunit/framework/TestDecorator.cfc:30 at /Users/lmajano/Sites/MyDevelopment/Frameworks/mxunit/framework/TestSuiteRunner.cfc:119 at /Users/lmajano/Sites/MyDevelopment/Frameworks/mxunit/framework/TestSuiteRunner.cfc:52 at /Users/lmajano/Sites/MyDevelopment/Frameworks/mxunit/framework/TestSuite.cfc:131 at /Users/lmajano/Sites/MyDevelopment/Frameworks/mxunit/runner/DirectoryTestSuite.cfc:37 at /Users/lmajano/Sites/MyDevelopment/Frameworks/mxunit/runner/HttpAntRunner.cfc:28]]></error>
    </testcase>
    <testcase classname="coldbox.testing.cases.cache.providers.RailoColdBoxProviderTest" name="testGetSize" time="0.231">
      <error message="Expression"><![CDATA[Variable CACHE is undefined. at /Users/lmajano/Sites/cboxdev/core/coldbox/testing/cases/cache/providers/RailoProviderTest.cfc:46 at /Users/lmajano/Sites/MyDevelopment/Frameworks/mxunit/framework/TestDecorator.cfc:30 at /Users/lmajano/Sites/MyDevelopment/Frameworks/mxunit/framework/TestSuiteRunner.cfc:119 at /Users/lmajano/Sites/MyDevelopment/Frameworks/mxunit/framework/TestSuiteRunner.cfc:52 at /Users/lmajano/Sites/MyDevelopment/Frameworks/mxunit/framework/TestSuite.cfc:131 at /Users/lmajano/Sites/MyDevelopment/Frameworks/mxunit/runner/DirectoryTestSuite.cfc:37 at /Users/lmajano/Sites/MyDevelopment/Frameworks/mxunit/runner/HttpAntRunner.cfc:28]]></error>
    </testcase>
    <testcase classname="coldbox.testing.cases.cache.providers.RailoColdBoxProviderTest" name="testClear" time="0.154">
      <error message="Expression"><![CDATA[Variable CACHE is undefined. at /Users/lmajano/Sites/cboxdev/core/coldbox/testing/cases/cache/providers/RailoProviderTest.cfc:46 at /Users/lmajano/Sites/MyDevelopment/Frameworks/mxunit/framework/TestDecorator.cfc:30 at /Users/lmajano/Sites/MyDevelopment/Frameworks/mxunit/framework/TestSuiteRunner.cfc:119 at /Users/lmajano/Sites/MyDevelopment/Frameworks/mxunit/framework/TestSuiteRunner.cfc:52 at /Users/lmajano/Sites/MyDevelopment/Frameworks/mxunit/framework/TestSuite.cfc:131 at /Users/lmajano/Sites/MyDevelopment/Frameworks/mxunit/runner/DirectoryTestSuite.cfc:37 at /Users/lmajano/Sites/MyDevelopment/Frameworks/mxunit/runner/HttpAntRunner.cfc:28]]></error>
    </testcase>
    <testcase classname="coldbox.testing.cases.cache.providers.RailoColdBoxProviderTest" name="testLookupQuiet" time="0.151">
      <error message="Expression"><![CDATA[Variable CACHE is undefined. at /Users/lmajano/Sites/cboxdev/core/coldbox/testing/cases/cache/providers/RailoProviderTest.cfc:46 at /Users/lmajano/Sites/MyDevelopment/Frameworks/mxunit/framework/TestDecorator.cfc:30 at /Users/lmajano/Sites/MyDevelopment/Frameworks/mxunit/framework/TestSuiteRunner.cfc:119 at /Users/lmajano/Sites/MyDevelopment/Frameworks/mxunit/framework/TestSuiteRunner.cfc:52 at /Users/lmajano/Sites/MyDevelopment/Frameworks/mxunit/framework/TestSuite.cfc:131 at /Users/lmajano/Sites/MyDevelopment/Frameworks/mxunit/runner/DirectoryTestSuite.cfc:37 at /Users/lmajano/Sites/MyDevelopment/Frameworks/mxunit/runner/HttpAntRunner.cfc:28]]></error>
    </testcase>
    <testcase classname="coldbox.testing.cases.cache.providers.RailoColdBoxProviderTest" name="testSet" time="0.181">
      <error message="Expression"><![CDATA[Variable CACHE is undefined. at /Users/lmajano/Sites/cboxdev/core/coldbox/testing/cases/cache/providers/RailoProviderTest.cfc:46 at /Users/lmajano/Sites/MyDevelopment/Frameworks/mxunit/framework/TestDecorator.cfc:30 at /Users/lmajano/Sites/MyDevelopment/Frameworks/mxunit/framework/TestSuiteRunner.cfc:119 at /Users/lmajano/Sites/MyDevelopment/Frameworks/mxunit/framework/TestSuiteRunner.cfc:52 at /Users/lmajano/Sites/MyDevelopment/Frameworks/mxunit/framework/TestSuite.cfc:131 at /Users/lmajano/Sites/MyDevelopment/Frameworks/mxunit/runner/DirectoryTestSuite.cfc:37 at /Users/lmajano/Sites/MyDevelopment/Frameworks/mxunit/runner/HttpAntRunner.cfc:28]]></error>
    </testcase>
    <testcase classname="coldbox.testing.cases.cache.providers.RailoColdBoxProviderTest" name="testgetCachedObjectMetadata" time="0.195">
      <error message="Expression"><![CDATA[Variable CACHE is undefined. at /Users/lmajano/Sites/cboxdev/core/coldbox/testing/cases/cache/providers/RailoProviderTest.cfc:46 at /Users/lmajano/Sites/MyDevelopment/Frameworks/mxunit/framework/TestDecorator.cfc:30 at /Users/lmajano/Sites/MyDevelopment/Frameworks/mxunit/framework/TestSuiteRunner.cfc:119 at /Users/lmajano/Sites/MyDevelopment/Frameworks/mxunit/framework/TestSuiteRunner.cfc:52 at /Users/lmajano/Sites/MyDevelopment/Frameworks/mxunit/framework/TestSuite.cfc:131 at /Users/lmajano/Sites/MyDevelopment/Frameworks/mxunit/runner/DirectoryTestSuite.cfc:37 at /Users/lmajano/Sites/MyDevelopment/Frameworks/mxunit/runner/HttpAntRunner.cfc:28]]></error>
    </testcase>
    <testcase classname="coldbox.testing.cases.cache.providers.RailoProviderTest" name="testClearQuiet" time="0.16">
      <error message="Expression"><![CDATA[Variable CACHE is undefined. at /Users/lmajano/Sites/cboxdev/core/coldbox/testing/cases/cache/providers/RailoProviderTest.cfc:46 at /Users/lmajano/Sites/MyDevelopment/Frameworks/mxunit/framework/TestDecorator.cfc:30 at /Users/lmajano/Sites/MyDevelopment/Frameworks/mxunit/framework/TestSuiteRunner.cfc:119 at /Users/lmajano/Sites/MyDevelopment/Frameworks/mxunit/framework/TestSuiteRunner.cfc:52 at /Users/lmajano/Sites/MyDevelopment/Frameworks/mxunit/framework/TestSuite.cfc:131 at /Users/lmajano/Sites/MyDevelopment/Frameworks/mxunit/runner/DirectoryTestSuite.cfc:37 at /Users/lmajano/Sites/MyDevelopment/Frameworks/mxunit/runner/HttpAntRunner.cfc:28]]></error>
    </testcase>
    <testcase classname="coldbox.testing.cases.cache.providers.RailoProviderTest" name="testSetQuiet" time="0.31">
      <error message="Expression"><![CDATA[Variable CACHE is undefined. at /Users/lmajano/Sites/cboxdev/core/coldbox/testing/cases/cache/providers/RailoProviderTest.cfc:46 at /Users/lmajano/Sites/MyDevelopment/Frameworks/mxunit/framework/TestDecorator.cfc:30 at /Users/lmajano/Sites/MyDevelopment/Frameworks/mxunit/framework/TestSuiteRunner.cfc:119 at /Users/lmajano/Sites/MyDevelopment/Frameworks/mxunit/framework/TestSuiteRunner.cfc:52 at /Users/lmajano/Sites/MyDevelopment/Frameworks/mxunit/framework/TestSuite.cfc:131 at /Users/lmajano/Sites/MyDevelopment/Frameworks/mxunit/runner/DirectoryTestSuite.cfc:37 at /Users/lmajano/Sites/MyDevelopment/Frameworks/mxunit/runner/HttpAntRunner.cfc:28]]></error>
    </testcase>
    <testcase classname="coldbox.testing.cases.cache.providers.RailoProviderTest" name="testLookup" time="0.18">
      <error message="Expression"><![CDATA[Variable CACHE is undefined. at /Users/lmajano/Sites/cboxdev/core/coldbox/testing/cases/cache/providers/RailoProviderTest.cfc:46 at /Users/lmajano/Sites/MyDevelopment/Frameworks/mxunit/framework/TestDecorator.cfc:30 at /Users/lmajano/Sites/MyDevelopment/Frameworks/mxunit/framework/TestSuiteRunner.cfc:119 at /Users/lmajano/Sites/MyDevelopment/Frameworks/mxunit/framework/TestSuiteRunner.cfc:52 at /Users/lmajano/Sites/MyDevelopment/Frameworks/mxunit/framework/TestSuite.cfc:131 at /Users/lmajano/Sites/MyDevelopment/Frameworks/mxunit/runner/DirectoryTestSuite.cfc:37 at /Users/lmajano/Sites/MyDevelopment/Frameworks/mxunit/runner/HttpAntRunner.cfc:28]]></error>
    </testcase>
    <testcase classname="coldbox.testing.cases.cache.providers.RailoProviderTest" name="testGetQuiet" time="0.17">
      <error message="Expression"><![CDATA[Variable CACHE is undefined. at /Users/lmajano/Sites/cboxdev/core/coldbox/testing/cases/cache/providers/RailoProviderTest.cfc:46 at /Users/lmajano/Sites/MyDevelopment/Frameworks/mxunit/framework/TestDecorator.cfc:30 at /Users/lmajano/Sites/MyDevelopment/Frameworks/mxunit/framework/TestSuiteRunner.cfc:119 at /Users/lmajano/Sites/MyDevelopment/Frameworks/mxunit/framework/TestSuiteRunner.cfc:52 at /Users/lmajano/Sites/MyDevelopment/Frameworks/mxunit/framework/TestSuite.cfc:131 at /Users/lmajano/Sites/MyDevelopment/Frameworks/mxunit/runner/DirectoryTestSuite.cfc:37 at /Users/lmajano/Sites/MyDevelopment/Frameworks/mxunit/runner/HttpAntRunner.cfc:28]]></error>
    </testcase>
    <testcase classname="coldbox.testing.cases.cache.providers.RailoProviderTest" name="testGet" time="0.179">
      <error message="Expression"><![CDATA[Variable CACHE is undefined. at /Users/lmajano/Sites/cboxdev/core/coldbox/testing/cases/cache/providers/RailoProviderTest.cfc:46 at /Users/lmajano/Sites/MyDevelopment/Frameworks/mxunit/framework/TestDecorator.cfc:30 at /Users/lmajano/Sites/MyDevelopment/Frameworks/mxunit/framework/TestSuiteRunner.cfc:119 at /Users/lmajano/Sites/MyDevelopment/Frameworks/mxunit/framework/TestSuiteRunner.cfc:52 at /Users/lmajano/Sites/MyDevelopment/Frameworks/mxunit/framework/TestSuite.cfc:131 at /Users/lmajano/Sites/MyDevelopment/Frameworks/mxunit/runner/DirectoryTestSuite.cfc:37 at /Users/lmajano/Sites/MyDevelopment/Frameworks/mxunit/runner/HttpAntRunner.cfc:28]]></error>
    </testcase>
    <testcase classname="coldbox.testing.cases.cache.providers.RailoProviderTest" name="testShutdown" time="0.161">
      <error message="Expression"><![CDATA[Variable CACHE is undefined. at /Users/lmajano/Sites/cboxdev/core/coldbox/testing/cases/cache/providers/RailoProviderTest.cfc:46 at /Users/lmajano/Sites/MyDevelopment/Frameworks/mxunit/framework/TestDecorator.cfc:30 at /Users/lmajano/Sites/MyDevelopment/Frameworks/mxunit/framework/TestSuiteRunner.cfc:119 at /Users/lmajano/Sites/MyDevelopment/Frameworks/mxunit/framework/TestSuiteRunner.cfc:52 at /Users/lmajano/Sites/MyDevelopment/Frameworks/mxunit/framework/TestSuite.cfc:131 at /Users/lmajano/Sites/MyDevelopment/Frameworks/mxunit/runner/DirectoryTestSuite.cfc:37 at /Users/lmajano/Sites/MyDevelopment/Frameworks/mxunit/runner/HttpAntRunner.cfc:28]]></error>
    </testcase>
    <testcase classname="coldbox.testing.cases.cache.providers.RailoProviderTest" name="testgetKeys" time="0.157">
      <error message="Expression"><![CDATA[Variable CACHE is undefined. at /Users/lmajano/Sites/cboxdev/core/coldbox/testing/cases/cache/providers/RailoProviderTest.cfc:46 at /Users/lmajano/Sites/MyDevelopment/Frameworks/mxunit/framework/TestDecorator.cfc:30 at /Users/lmajano/Sites/MyDevelopment/Frameworks/mxunit/framework/TestSuiteRunner.cfc:119 at /Users/lmajano/Sites/MyDevelopment/Frameworks/mxunit/framework/TestSuiteRunner.cfc:52 at /Users/lmajano/Sites/MyDevelopment/Frameworks/mxunit/framework/TestSuite.cfc:131 at /Users/lmajano/Sites/MyDevelopment/Frameworks/mxunit/runner/DirectoryTestSuite.cfc:37 at /Users/lmajano/Sites/MyDevelopment/Frameworks/mxunit/runner/HttpAntRunner.cfc:28]]></error>
    </testcase>
    <testcase classname="coldbox.testing.cases.cache.providers.RailoProviderTest" name="testGetSize" time="0.218">
      <error message="Expression"><![CDATA[Variable CACHE is undefined. at /Users/lmajano/Sites/cboxdev/core/coldbox/testing/cases/cache/providers/RailoProviderTest.cfc:46 at /Users/lmajano/Sites/MyDevelopment/Frameworks/mxunit/framework/TestDecorator.cfc:30 at /Users/lmajano/Sites/MyDevelopment/Frameworks/mxunit/framework/TestSuiteRunner.cfc:119 at /Users/lmajano/Sites/MyDevelopment/Frameworks/mxunit/framework/TestSuiteRunner.cfc:52 at /Users/lmajano/Sites/MyDevelopment/Frameworks/mxunit/framework/TestSuite.cfc:131 at /Users/lmajano/Sites/MyDevelopment/Frameworks/mxunit/runner/DirectoryTestSuite.cfc:37 at /Users/lmajano/Sites/MyDevelopment/Frameworks/mxunit/runner/HttpAntRunner.cfc:28]]></error>
    </testcase>
    <testcase classname="coldbox.testing.cases.cache.providers.RailoProviderTest" name="testClear" time="0.15">
      <error message="Expression"><![CDATA[Variable CACHE is undefined. at /Users/lmajano/Sites/cboxdev/core/coldbox/testing/cases/cache/providers/RailoProviderTest.cfc:46 at /Users/lmajano/Sites/MyDevelopment/Frameworks/mxunit/framework/TestDecorator.cfc:30 at /Users/lmajano/Sites/MyDevelopment/Frameworks/mxunit/framework/TestSuiteRunner.cfc:119 at /Users/lmajano/Sites/MyDevelopment/Frameworks/mxunit/framework/TestSuiteRunner.cfc:52 at /Users/lmajano/Sites/MyDevelopment/Frameworks/mxunit/framework/TestSuite.cfc:131 at /Users/lmajano/Sites/MyDevelopment/Frameworks/mxunit/runner/DirectoryTestSuite.cfc:37 at /Users/lmajano/Sites/MyDevelopment/Frameworks/mxunit/runner/HttpAntRunner.cfc:28]]></error>
    </testcase>
    <testcase classname="coldbox.testing.cases.cache.providers.RailoProviderTest" name="testLookupQuiet" time="0.198">
      <error message="Expression"><![CDATA[Variable CACHE is undefined. at /Users/lmajano/Sites/cboxdev/core/coldbox/testing/cases/cache/providers/RailoProviderTest.cfc:46 at /Users/lmajano/Sites/MyDevelopment/Frameworks/mxunit/framework/TestDecorator.cfc:30 at /Users/lmajano/Sites/MyDevelopment/Frameworks/mxunit/framework/TestSuiteRunner.cfc:119 at /Users/lmajano/Sites/MyDevelopment/Frameworks/mxunit/framework/TestSuiteRunner.cfc:52 at /Users/lmajano/Sites/MyDevelopment/Frameworks/mxunit/framework/TestSuite.cfc:131 at /Users/lmajano/Sites/MyDevelopment/Frameworks/mxunit/runner/DirectoryTestSuite.cfc:37 at /Users/lmajano/Sites/MyDevelopment/Frameworks/mxunit/runner/HttpAntRunner.cfc:28]]></error>
    </testcase>
    <testcase classname="coldbox.testing.cases.cache.providers.RailoProviderTest" name="testSet" time="0.184">
      <error message="Expression"><![CDATA[Variable CACHE is undefined. at /Users/lmajano/Sites/cboxdev/core/coldbox/testing/cases/cache/providers/RailoProviderTest.cfc:46 at /Users/lmajano/Sites/MyDevelopment/Frameworks/mxunit/framework/TestDecorator.cfc:30 at /Users/lmajano/Sites/MyDevelopment/Frameworks/mxunit/framework/TestSuiteRunner.cfc:119 at /Users/lmajano/Sites/MyDevelopment/Frameworks/mxunit/framework/TestSuiteRunner.cfc:52 at /Users/lmajano/Sites/MyDevelopment/Frameworks/mxunit/framework/TestSuite.cfc:131 at /Users/lmajano/Sites/MyDevelopment/Frameworks/mxunit/runner/DirectoryTestSuite.cfc:37 at /Users/lmajano/Sites/MyDevelopment/Frameworks/mxunit/runner/HttpAntRunner.cfc:28]]></error>
    </testcase>
    <testcase classname="coldbox.testing.cases.cache.providers.RailoProviderTest" name="testgetCachedObjectMetadata" time="0.17">
      <error message="Expression"><![CDATA[Variable CACHE is undefined. at /Users/lmajano/Sites/cboxdev/core/coldbox/testing/cases/cache/providers/RailoProviderTest.cfc:46 at /Users/lmajano/Sites/MyDevelopment/Frameworks/mxunit/framework/TestDecorator.cfc:30 at /Users/lmajano/Sites/MyDevelopment/Frameworks/mxunit/framework/TestSuiteRunner.cfc:119 at /Users/lmajano/Sites/MyDevelopment/Frameworks/mxunit/framework/TestSuiteRunner.cfc:52 at /Users/lmajano/Sites/MyDevelopment/Frameworks/mxunit/framework/TestSuite.cfc:131 at /Users/lmajano/Sites/MyDevelopment/Frameworks/mxunit/runner/DirectoryTestSuite.cfc:37 at /Users/lmajano/Sites/MyDevelopment/Frameworks/mxunit/runner/HttpAntRunner.cfc:28]]></error>
    </testcase>
    <testcase classname="coldbox.testing.cases.cache.store.ConcurrentSoftReferenceStoreTest" name="testgetSoftRefKeyMap" time="0.003" />
    <testcase classname="coldbox.testing.cases.cache.store.ConcurrentSoftReferenceStoreTest" name="testgetSoftRefKey" time="0.024" />
    <testcase classname="coldbox.testing.cases.cache.store.ConcurrentSoftReferenceStoreTest" name="testLookup" time="0.003" />
    <testcase classname="coldbox.testing.cases.cache.store.ConcurrentSoftReferenceStoreTest" name="testGetPool" time="0.002" />
    <testcase classname="coldbox.testing.cases.cache.store.ConcurrentSoftReferenceStoreTest" name="testGetQuiet" time="0.003" />
    <testcase classname="coldbox.testing.cases.cache.store.ConcurrentSoftReferenceStoreTest" name="testGet" time="0.005" />
    <testcase classname="coldbox.testing.cases.cache.store.ConcurrentSoftReferenceStoreTest" name="testClearAll" time="0.003" />
    <testcase classname="coldbox.testing.cases.cache.store.ConcurrentSoftReferenceStoreTest" name="testgetReferenceQueue" time="0.003" />
    <testcase classname="coldbox.testing.cases.cache.store.ConcurrentSoftReferenceStoreTest" name="testGetKeys" time="0.003" />
    <testcase classname="coldbox.testing.cases.cache.store.ConcurrentSoftReferenceStoreTest" name="testGetSize" time="0.001" />
    <testcase classname="coldbox.testing.cases.cache.store.ConcurrentSoftReferenceStoreTest" name="testClear" time="0.002" />
    <testcase classname="coldbox.testing.cases.cache.store.ConcurrentSoftReferenceStoreTest" name="testCreateSoftReference" time="0.01" />
    <testcase classname="coldbox.testing.cases.cache.store.ConcurrentSoftReferenceStoreTest" name="testSet" time="0.03" />
    <testcase classname="coldbox.testing.cases.cache.store.ConcurrentSoftReferenceStoreTest" name="testExpirations" time="0.004" />
    <testcase classname="coldbox.testing.cases.cache.store.ConcurrentStoreTest" name="testLookup" time="0.006" />
    <testcase classname="coldbox.testing.cases.cache.store.ConcurrentStoreTest" name="testGetPool" time="0.003" />
    <testcase classname="coldbox.testing.cases.cache.store.ConcurrentStoreTest" name="testGetQuiet" time="0.004" />
    <testcase classname="coldbox.testing.cases.cache.store.ConcurrentStoreTest" name="testGet" time="0.003" />
    <testcase classname="coldbox.testing.cases.cache.store.ConcurrentStoreTest" name="testClearAll" time="0.003" />
    <testcase classname="coldbox.testing.cases.cache.store.ConcurrentStoreTest" name="testGetKeys" time="0.004" />
    <testcase classname="coldbox.testing.cases.cache.store.ConcurrentStoreTest" name="testGetSize" time="0.003" />
    <testcase classname="coldbox.testing.cases.cache.store.ConcurrentStoreTest" name="testSetEternals" time="0.005" />
    <testcase classname="coldbox.testing.cases.cache.store.ConcurrentStoreTest" name="testGetIndexer" time="0.003" />
    <testcase classname="coldbox.testing.cases.cache.store.ConcurrentStoreTest" name="testClear" time="0.003" />
    <testcase classname="coldbox.testing.cases.cache.store.ConcurrentStoreTest" name="testSet" time="0.003" />
    <testcase classname="coldbox.testing.cases.cache.store.ConcurrentStoreTest" name="testExpirations" time="0.002" />
    <testcase classname="coldbox.testing.cases.cache.store.DiskStoreTest" name="testLookup" time="0.115" />
    <testcase classname="coldbox.testing.cases.cache.store.DiskStoreTest" name="testGetQuiet" time="0.045" />
    <testcase classname="coldbox.testing.cases.cache.store.DiskStoreTest" name="testGet" time="0.061" />
    <testcase classname="coldbox.testing.cases.cache.store.DiskStoreTest" name="testClearAll" time="0.094" />
    <testcase classname="coldbox.testing.cases.cache.store.DiskStoreTest" name="testGetKeys" time="0.046" />
    <testcase classname="coldbox.testing.cases.cache.store.DiskStoreTest" name="testGetSize" time="0.062" />
    <testcase classname="coldbox.testing.cases.cache.store.DiskStoreTest" name="testGetIndexer" time="0.05" />
    <testcase classname="coldbox.testing.cases.cache.store.DiskStoreTest" name="testClear" time="0.049" />
    <testcase classname="coldbox.testing.cases.cache.store.DiskStoreTest" name="testSet" time="0.047" />
    <testcase classname="coldbox.testing.cases.cache.store.DiskStoreTest" name="testExpirations" time="0.056" />
    <testcase classname="coldbox.testing.cases.cache.store.JDBCStoreTest" name="testLookup" time="0.027">
      <error message="java.sql.SQLException"><![CDATA[Datasource cacheTest could not be found. at /Users/lmajano/Sites/cboxdev/core/coldbox/system/cache/store/JDBCStore.cfc:382 at /Users/lmajano/Sites/cboxdev/core/coldbox/system/cache/store/JDBCStore.cfc:67 at /Users/lmajano/Sites/cboxdev/core/coldbox/testing/cases/cache/store/JDBCStoreTest.cfc:22 at /Users/lmajano/Sites/MyDevelopment/Frameworks/mxunit/framework/TestDecorator.cfc:26 at /Users/lmajano/Sites/MyDevelopment/Frameworks/mxunit/framework/TestSuiteRunner.cfc:97 at /Users/lmajano/Sites/MyDevelopment/Frameworks/mxunit/framework/TestSuiteRunner.cfc:52 at /Users/lmajano/Sites/MyDevelopment/Frameworks/mxunit/framework/TestSuite.cfc:131 at /Users/lmajano/Sites/MyDevelopment/Frameworks/mxunit/runner/DirectoryTestSuite.cfc:37 at /Users/lmajano/Sites/MyDevelopment/Frameworks/mxunit/runner/HttpAntRunner.cfc:28]]></error>
    </testcase>
    <testcase classname="coldbox.testing.cases.cache.store.JDBCStoreTest" name="testGetQuiet" time="0.023">
      <error message="java.sql.SQLException"><![CDATA[Datasource cacheTest could not be found. at /Users/lmajano/Sites/cboxdev/core/coldbox/system/cache/store/JDBCStore.cfc:382 at /Users/lmajano/Sites/cboxdev/core/coldbox/system/cache/store/JDBCStore.cfc:67 at /Users/lmajano/Sites/cboxdev/core/coldbox/testing/cases/cache/store/JDBCStoreTest.cfc:22 at /Users/lmajano/Sites/MyDevelopment/Frameworks/mxunit/framework/TestDecorator.cfc:26 at /Users/lmajano/Sites/MyDevelopment/Frameworks/mxunit/framework/TestSuiteRunner.cfc:97 at /Users/lmajano/Sites/MyDevelopment/Frameworks/mxunit/framework/TestSuiteRunner.cfc:52 at /Users/lmajano/Sites/MyDevelopment/Frameworks/mxunit/framework/TestSuite.cfc:131 at /Users/lmajano/Sites/MyDevelopment/Frameworks/mxunit/runner/DirectoryTestSuite.cfc:37 at /Users/lmajano/Sites/MyDevelopment/Frameworks/mxunit/runner/HttpAntRunner.cfc:28]]></error>
    </testcase>
    <testcase classname="coldbox.testing.cases.cache.store.JDBCStoreTest" name="testGet" time="0.023">
      <error message="java.sql.SQLException"><![CDATA[Datasource cacheTest could not be found. at /Users/lmajano/Sites/cboxdev/core/coldbox/system/cache/store/JDBCStore.cfc:382 at /Users/lmajano/Sites/cboxdev/core/coldbox/system/cache/store/JDBCStore.cfc:67 at /Users/lmajano/Sites/cboxdev/core/coldbox/testing/cases/cache/store/JDBCStoreTest.cfc:22 at /Users/lmajano/Sites/MyDevelopment/Frameworks/mxunit/framework/TestDecorator.cfc:26 at /Users/lmajano/Sites/MyDevelopment/Frameworks/mxunit/framework/TestSuiteRunner.cfc:97 at /Users/lmajano/Sites/MyDevelopment/Frameworks/mxunit/framework/TestSuiteRunner.cfc:52 at /Users/lmajano/Sites/MyDevelopment/Frameworks/mxunit/framework/TestSuite.cfc:131 at /Users/lmajano/Sites/MyDevelopment/Frameworks/mxunit/runner/DirectoryTestSuite.cfc:37 at /Users/lmajano/Sites/MyDevelopment/Frameworks/mxunit/runner/HttpAntRunner.cfc:28]]></error>
    </testcase>
    <testcase classname="coldbox.testing.cases.cache.store.JDBCStoreTest" name="testClearAll" time="0.022">
      <error message="java.sql.SQLException"><![CDATA[Datasource cacheTest could not be found. at /Users/lmajano/Sites/cboxdev/core/coldbox/system/cache/store/JDBCStore.cfc:382 at /Users/lmajano/Sites/cboxdev/core/coldbox/system/cache/store/JDBCStore.cfc:67 at /Users/lmajano/Sites/cboxdev/core/coldbox/testing/cases/cache/store/JDBCStoreTest.cfc:22 at /Users/lmajano/Sites/MyDevelopment/Frameworks/mxunit/framework/TestDecorator.cfc:26 at /Users/lmajano/Sites/MyDevelopment/Frameworks/mxunit/framework/TestSuiteRunner.cfc:97 at /Users/lmajano/Sites/MyDevelopment/Frameworks/mxunit/framework/TestSuiteRunner.cfc:52 at /Users/lmajano/Sites/MyDevelopment/Frameworks/mxunit/framework/TestSuite.cfc:131 at /Users/lmajano/Sites/MyDevelopment/Frameworks/mxunit/runner/DirectoryTestSuite.cfc:37 at /Users/lmajano/Sites/MyDevelopment/Frameworks/mxunit/runner/HttpAntRunner.cfc:28]]></error>
    </testcase>
    <testcase classname="coldbox.testing.cases.cache.store.JDBCStoreTest" name="testGetKeys" time="0.022">
      <error message="java.sql.SQLException"><![CDATA[Datasource cacheTest could not be found. at /Users/lmajano/Sites/cboxdev/core/coldbox/system/cache/store/JDBCStore.cfc:382 at /Users/lmajano/Sites/cboxdev/core/coldbox/system/cache/store/JDBCStore.cfc:67 at /Users/lmajano/Sites/cboxdev/core/coldbox/testing/cases/cache/store/JDBCStoreTest.cfc:22 at /Users/lmajano/Sites/MyDevelopment/Frameworks/mxunit/framework/TestDecorator.cfc:26 at /Users/lmajano/Sites/MyDevelopment/Frameworks/mxunit/framework/TestSuiteRunner.cfc:97 at /Users/lmajano/Sites/MyDevelopment/Frameworks/mxunit/framework/TestSuiteRunner.cfc:52 at /Users/lmajano/Sites/MyDevelopment/Frameworks/mxunit/framework/TestSuite.cfc:131 at /Users/lmajano/Sites/MyDevelopment/Frameworks/mxunit/runner/DirectoryTestSuite.cfc:37 at /Users/lmajano/Sites/MyDevelopment/Frameworks/mxunit/runner/HttpAntRunner.cfc:28]]></error>
    </testcase>
    <testcase classname="coldbox.testing.cases.cache.store.JDBCStoreTest" name="testGetSize" time="0.022">
      <error message="java.sql.SQLException"><![CDATA[Datasource cacheTest could not be found. at /Users/lmajano/Sites/cboxdev/core/coldbox/system/cache/store/JDBCStore.cfc:382 at /Users/lmajano/Sites/cboxdev/core/coldbox/system/cache/store/JDBCStore.cfc:67 at /Users/lmajano/Sites/cboxdev/core/coldbox/testing/cases/cache/store/JDBCStoreTest.cfc:22 at /Users/lmajano/Sites/MyDevelopment/Frameworks/mxunit/framework/TestDecorator.cfc:26 at /Users/lmajano/Sites/MyDevelopment/Frameworks/mxunit/framework/TestSuiteRunner.cfc:97 at /Users/lmajano/Sites/MyDevelopment/Frameworks/mxunit/framework/TestSuiteRunner.cfc:52 at /Users/lmajano/Sites/MyDevelopment/Frameworks/mxunit/framework/TestSuite.cfc:131 at /Users/lmajano/Sites/MyDevelopment/Frameworks/mxunit/runner/DirectoryTestSuite.cfc:37 at /Users/lmajano/Sites/MyDevelopment/Frameworks/mxunit/runner/HttpAntRunner.cfc:28]]></error>
    </testcase>
    <testcase classname="coldbox.testing.cases.cache.store.JDBCStoreTest" name="testGetIndexer" time="0.023">
      <error message="java.sql.SQLException"><![CDATA[Datasource cacheTest could not be found. at /Users/lmajano/Sites/cboxdev/core/coldbox/system/cache/store/JDBCStore.cfc:382 at /Users/lmajano/Sites/cboxdev/core/coldbox/system/cache/store/JDBCStore.cfc:67 at /Users/lmajano/Sites/cboxdev/core/coldbox/testing/cases/cache/store/JDBCStoreTest.cfc:22 at /Users/lmajano/Sites/MyDevelopment/Frameworks/mxunit/framework/TestDecorator.cfc:26 at /Users/lmajano/Sites/MyDevelopment/Frameworks/mxunit/framework/TestSuiteRunner.cfc:97 at /Users/lmajano/Sites/MyDevelopment/Frameworks/mxunit/framework/TestSuiteRunner.cfc:52 at /Users/lmajano/Sites/MyDevelopment/Frameworks/mxunit/framework/TestSuite.cfc:131 at /Users/lmajano/Sites/MyDevelopment/Frameworks/mxunit/runner/DirectoryTestSuite.cfc:37 at /Users/lmajano/Sites/MyDevelopment/Frameworks/mxunit/runner/HttpAntRunner.cfc:28]]></error>
    </testcase>
    <testcase classname="coldbox.testing.cases.cache.store.JDBCStoreTest" name="testClear" time="0.023">
      <error message="java.sql.SQLException"><![CDATA[Datasource cacheTest could not be found. at /Users/lmajano/Sites/cboxdev/core/coldbox/system/cache/store/JDBCStore.cfc:382 at /Users/lmajano/Sites/cboxdev/core/coldbox/system/cache/store/JDBCStore.cfc:67 at /Users/lmajano/Sites/cboxdev/core/coldbox/testing/cases/cache/store/JDBCStoreTest.cfc:22 at /Users/lmajano/Sites/MyDevelopment/Frameworks/mxunit/framework/TestDecorator.cfc:26 at /Users/lmajano/Sites/MyDevelopment/Frameworks/mxunit/framework/TestSuiteRunner.cfc:97 at /Users/lmajano/Sites/MyDevelopment/Frameworks/mxunit/framework/TestSuiteRunner.cfc:52 at /Users/lmajano/Sites/MyDevelopment/Frameworks/mxunit/framework/TestSuite.cfc:131 at /Users/lmajano/Sites/MyDevelopment/Frameworks/mxunit/runner/DirectoryTestSuite.cfc:37 at /Users/lmajano/Sites/MyDevelopment/Frameworks/mxunit/runner/HttpAntRunner.cfc:28]]></error>
    </testcase>
    <testcase classname="coldbox.testing.cases.cache.store.JDBCStoreTest" name="testSet" time="0.022">
      <error message="java.sql.SQLException"><![CDATA[Datasource cacheTest could not be found. at /Users/lmajano/Sites/cboxdev/core/coldbox/system/cache/store/JDBCStore.cfc:382 at /Users/lmajano/Sites/cboxdev/core/coldbox/system/cache/store/JDBCStore.cfc:67 at /Users/lmajano/Sites/cboxdev/core/coldbox/testing/cases/cache/store/JDBCStoreTest.cfc:22 at /Users/lmajano/Sites/MyDevelopment/Frameworks/mxunit/framework/TestDecorator.cfc:26 at /Users/lmajano/Sites/MyDevelopment/Frameworks/mxunit/framework/TestSuiteRunner.cfc:97 at /Users/lmajano/Sites/MyDevelopment/Frameworks/mxunit/framework/TestSuiteRunner.cfc:52 at /Users/lmajano/Sites/MyDevelopment/Frameworks/mxunit/framework/TestSuite.cfc:131 at /Users/lmajano/Sites/MyDevelopment/Frameworks/mxunit/runner/DirectoryTestSuite.cfc:37 at /Users/lmajano/Sites/MyDevelopment/Frameworks/mxunit/runner/HttpAntRunner.cfc:28]]></error>
    </testcase>
    <testcase classname="coldbox.testing.cases.cache.store.JDBCStoreTest" name="testExpirations" time="0.025">
      <error message="java.sql.SQLException"><![CDATA[Datasource cacheTest could not be found. at /Users/lmajano/Sites/cboxdev/core/coldbox/system/cache/store/JDBCStore.cfc:382 at /Users/lmajano/Sites/cboxdev/core/coldbox/system/cache/store/JDBCStore.cfc:67 at /Users/lmajano/Sites/cboxdev/core/coldbox/testing/cases/cache/store/JDBCStoreTest.cfc:22 at /Users/lmajano/Sites/MyDevelopment/Frameworks/mxunit/framework/TestDecorator.cfc:26 at /Users/lmajano/Sites/MyDevelopment/Frameworks/mxunit/framework/TestSuiteRunner.cfc:97 at /Users/lmajano/Sites/MyDevelopment/Frameworks/mxunit/framework/TestSuiteRunner.cfc:52 at /Users/lmajano/Sites/MyDevelopment/Frameworks/mxunit/framework/TestSuite.cfc:131 at /Users/lmajano/Sites/MyDevelopment/Frameworks/mxunit/runner/DirectoryTestSuite.cfc:37 at /Users/lmajano/Sites/MyDevelopment/Frameworks/mxunit/runner/HttpAntRunner.cfc:28]]></error>
    </testcase>
    <testcase classname="coldbox.testing.cases.cache.store.indexers.JDBCMetadataIndexerTest" name="testGetFields" time="0.03">
      <error message="java.sql.SQLException"><![CDATA[Datasource cacheTest could not be found. at /Users/lmajano/Sites/cboxdev/core/coldbox/system/cache/store/JDBCStore.cfc:382 at /Users/lmajano/Sites/cboxdev/core/coldbox/system/cache/store/JDBCStore.cfc:67 at /Users/lmajano/Sites/cboxdev/core/coldbox/testing/cases/cache/store/indexers/JDBCMetadataIndexerTest.cfc:11 at /Users/lmajano/Sites/MyDevelopment/Frameworks/mxunit/framework/TestDecorator.cfc:26 at /Users/lmajano/Sites/MyDevelopment/Frameworks/mxunit/framework/TestSuiteRunner.cfc:97 at /Users/lmajano/Sites/MyDevelopment/Frameworks/mxunit/framework/TestSuiteRunner.cfc:52 at /Users/lmajano/Sites/MyDevelopment/Frameworks/mxunit/framework/TestSuite.cfc:131 at /Users/lmajano/Sites/MyDevelopment/Frameworks/mxunit/runner/DirectoryTestSuite.cfc:37 at /Users/lmajano/Sites/MyDevelopment/Frameworks/mxunit/runner/HttpAntRunner.cfc:28]]></error>
    </testcase>
    <testcase classname="coldbox.testing.cases.cache.store.indexers.JDBCMetadataIndexerTest" name="testgetObjectMetadataProperty" time="0.03">
      <error message="java.sql.SQLException"><![CDATA[Datasource cacheTest could not be found. at /Users/lmajano/Sites/cboxdev/core/coldbox/system/cache/store/JDBCStore.cfc:382 at /Users/lmajano/Sites/cboxdev/core/coldbox/system/cache/store/JDBCStore.cfc:67 at /Users/lmajano/Sites/cboxdev/core/coldbox/testing/cases/cache/store/indexers/JDBCMetadataIndexerTest.cfc:11 at /Users/lmajano/Sites/MyDevelopment/Frameworks/mxunit/framework/TestDecorator.cfc:26 at /Users/lmajano/Sites/MyDevelopment/Frameworks/mxunit/framework/TestSuiteRunner.cfc:97 at /Users/lmajano/Sites/MyDevelopment/Frameworks/mxunit/framework/TestSuiteRunner.cfc:52 at /Users/lmajano/Sites/MyDevelopment/Frameworks/mxunit/framework/TestSuite.cfc:131 at /Users/lmajano/Sites/MyDevelopment/Frameworks/mxunit/runner/DirectoryTestSuite.cfc:37 at /Users/lmajano/Sites/MyDevelopment/Frameworks/mxunit/runner/HttpAntRunner.cfc:28]]></error>
    </testcase>
    <testcase classname="coldbox.testing.cases.cache.store.indexers.JDBCMetadataIndexerTest" name="getSortedKeys" time="0.029">
      <error message="java.sql.SQLException"><![CDATA[Datasource cacheTest could not be found. at /Users/lmajano/Sites/cboxdev/core/coldbox/system/cache/store/JDBCStore.cfc:382 at /Users/lmajano/Sites/cboxdev/core/coldbox/system/cache/store/JDBCStore.cfc:67 at /Users/lmajano/Sites/cboxdev/core/coldbox/testing/cases/cache/store/indexers/JDBCMetadataIndexerTest.cfc:11 at /Users/lmajano/Sites/MyDevelopment/Frameworks/mxunit/framework/TestDecorator.cfc:26 at /Users/lmajano/Sites/MyDevelopment/Frameworks/mxunit/framework/TestSuiteRunner.cfc:97 at /Users/lmajano/Sites/MyDevelopment/Frameworks/mxunit/framework/TestSuiteRunner.cfc:52 at /Users/lmajano/Sites/MyDevelopment/Frameworks/mxunit/framework/TestSuite.cfc:131 at /Users/lmajano/Sites/MyDevelopment/Frameworks/mxunit/runner/DirectoryTestSuite.cfc:37 at /Users/lmajano/Sites/MyDevelopment/Frameworks/mxunit/runner/HttpAntRunner.cfc:28]]></error>
    </testcase>
    <testcase classname="coldbox.testing.cases.cache.store.indexers.JDBCMetadataIndexerTest" name="testgetObjectMetadata" time="0.033">
      <error message="java.sql.SQLException"><![CDATA[Datasource cacheTest could not be found. at /Users/lmajano/Sites/cboxdev/core/coldbox/system/cache/store/JDBCStore.cfc:382 at /Users/lmajano/Sites/cboxdev/core/coldbox/system/cache/store/JDBCStore.cfc:67 at /Users/lmajano/Sites/cboxdev/core/coldbox/testing/cases/cache/store/indexers/JDBCMetadataIndexerTest.cfc:11 at /Users/lmajano/Sites/MyDevelopment/Frameworks/mxunit/framework/TestDecorator.cfc:26 at /Users/lmajano/Sites/MyDevelopment/Frameworks/mxunit/framework/TestSuiteRunner.cfc:97 at /Users/lmajano/Sites/MyDevelopment/Frameworks/mxunit/framework/TestSuiteRunner.cfc:52 at /Users/lmajano/Sites/MyDevelopment/Frameworks/mxunit/framework/TestSuite.cfc:131 at /Users/lmajano/Sites/MyDevelopment/Frameworks/mxunit/runner/DirectoryTestSuite.cfc:37 at /Users/lmajano/Sites/MyDevelopment/Frameworks/mxunit/runner/HttpAntRunner.cfc:28]]></error>
    </testcase>
    <testcase classname="coldbox.testing.cases.cache.store.indexers.MetadataIndexerTest" name="testGetPool" time="0.004" />
    <testcase classname="coldbox.testing.cases.cache.store.indexers.MetadataIndexerTest" name="getSetObjectMetdata" time="0.002" />
    <testcase classname="coldbox.testing.cases.cache.store.indexers.MetadataIndexerTest" name="testGetFields" time="0.002" />
    <testcase classname="coldbox.testing.cases.cache.store.indexers.MetadataIndexerTest" name="testClearAll" time="0.001" />
    <testcase classname="coldbox.testing.cases.cache.store.indexers.MetadataIndexerTest" name="speedTests" time="1.299" />
    <testcase classname="coldbox.testing.cases.cache.store.indexers.MetadataIndexerTest" name="testGetKeys" time="0.001" />
    <testcase classname="coldbox.testing.cases.cache.store.indexers.MetadataIndexerTest" name="testGetSize" time="0.005">
      <error message="Expression"><![CDATA[Variable TDATE is undefined. at /Users/lmajano/Sites/cboxdev/core/coldbox/testing/cases/cache/store/indexers/MetadataIndexerTest.cfc:68 at /Users/lmajano/Sites/MyDevelopment/Frameworks/mxunit/framework/TestCase.cfc:113 at /Users/lmajano/Sites/MyDevelopment/Frameworks/mxunit/framework/decorators/DataProviderDecorator.cfc:31 at /Users/lmajano/Sites/MyDevelopment/Frameworks/mxunit/framework/TestSuiteRunner.cfc:99 at /Users/lmajano/Sites/MyDevelopment/Frameworks/mxunit/framework/TestSuiteRunner.cfc:52 at /Users/lmajano/Sites/MyDevelopment/Frameworks/mxunit/framework/TestSuite.cfc:131 at /Users/lmajano/Sites/MyDevelopment/Frameworks/mxunit/runner/DirectoryTestSuite.cfc:37 at /Users/lmajano/Sites/MyDevelopment/Frameworks/mxunit/runner/HttpAntRunner.cfc:28]]></error>
    </testcase>
    <testcase classname="coldbox.testing.cases.cache.store.indexers.MetadataIndexerTest" name="getSetMetdataProperty" time="0.003" />
    <testcase classname="coldbox.testing.cases.cache.store.indexers.MetadataIndexerTest" name="testGetSortedKeys" time="0.044" />
    <testcase classname="coldbox.testing.cases.cache.util.CacheStatsTest" name="testhit" time="0.01" />
    <testcase classname="coldbox.testing.cases.cache.util.CacheStatsTest" name="testclearStats" time="0.002" />
    <testcase classname="coldbox.testing.cases.cache.util.CacheStatsTest" name="testsetGarbageCollections" time="0.006" />
    <testcase classname="coldbox.testing.cases.cache.util.CacheStatsTest" name="testgetlastReapDatetime" time="0.001" />
    <testcase classname="coldbox.testing.cases.cache.util.CacheStatsTest" name="testgetCachePerformanceRatio" time="0.001" />
    <testcase classname="coldbox.testing.cases.cache.util.CacheStatsTest" name="testgetObjectCount" time="0.05" />
    <testcase classname="coldbox.testing.cases.cache.util.CacheStatsTest" name="testgcHit" time="0.002" />
    <testcase classname="coldbox.testing.cases.cache.util.CacheStatsTest" name="testgetGarbageCollections" time="0.002" />
    <testcase classname="coldbox.testing.cases.cache.util.CacheStatsTest" name="testsetEvictionCount" time="0.002" />
    <testcase classname="coldbox.testing.cases.cache.util.CacheStatsTest" name="testmiss" time="0.001" />
    <testcase classname="coldbox.testing.cases.cache.util.CacheStatsTest" name="testsetlastReapDatetime" time="0.002" />
    <testcase classname="coldbox.testing.cases.cache.util.CacheStatsTest" name="testgethits" time="0.001" />
    <testcase classname="coldbox.testing.cases.cache.util.CacheStatsTest" name="testgetEvictionCount" time="0.001" />
    <testcase classname="coldbox.testing.cases.cache.util.CacheStatsTest" name="testgetmisses" time="0.001" />
    <testcase classname="coldbox.testing.cases.cache.util.CacheStatsTest" name="testevictionHit" time="0.001" />
    <testcase classname="coldbox.testing.cases.cache.util.EventsURLFacadeTest" name="testbuildEventKeyNoContext" time="0.067" />
    <testcase classname="coldbox.testing.cases.cache.util.EventsURLFacadeTest" name="testgetUniqueHash" time="0.054" />
    <testcase classname="coldbox.testing.cases.cache.util.EventsURLFacadeTest" name="testbuildEventKey" time="0.114" />
    <testcase classname="coldbox.testing.cases.cache.util.EventsURLFacadeTest" name="testbuildHash" time="0.018" />
  </testsuite>
</testsuites>
