<testsuite name="mxunit.testresults" hostname="127.0.0.1" tests="106" failures="1" errors="2" timestamp="02/23/12 11:43:04 AM" time="13.963"><properties>
[...]
</properties><testcase classname="coldbox.testing.cases.ioc.BuilderTest" name="testbuildWebservice" time="0.412"><error message="Application"><![CDATA[Unable to read WSDL from URL: http://www.coldbox.org/distribution/updatews.cfc?wsdl. at /Users/lmajano/Sites/cboxdev/core/coldbox/system/ioc/Builder.cfc:267 at /Users/lmajano/Sites/cboxdev/core/coldbox/testing/cases/ioc/BuilderTest.cfc:47 at /Users/lmajano/Sites/MyDevelopment/Frameworks/mxunit/framework/TestCase.cfc:113 at /Users/lmajano/Sites/MyDevelopment/Frameworks/mxunit/framework/decorators/DataProviderDecorator.cfc:31 at /Users/lmajano/Sites/MyDevelopment/Frameworks/mxunit/framework/TestSuiteRunner.cfc:99 at /Users/lmajano/Sites/MyDevelopment/Frameworks/mxunit/framework/TestSuiteRunner.cfc:52 at /Users/lmajano/Sites/MyDevelopment/Frameworks/mxunit/framework/TestSuite.cfc:131 at /Users/lmajano/Sites/MyDevelopment/Frameworks/mxunit/runner/DirectoryTestSuite.cfc:37 at /Users/lmajano/Sites/MyDevelopment/Frameworks/mxunit/runner/HttpAntRunner.cfc:28]]></error></testcase><testcase classname="coldbox.testing.cases.ioc.BuilderTest" name="testgetProviderDSL" time="0.41"></testcase><testcase classname="coldbox.testing.cases.ioc.BuilderTest" name="testBuildFactoryBean" time="0.375"></testcase><testcase classname="coldbox.testing.cases.ioc.BuilderTest" name="testbuildfeed" time="0.371"></testcase><testcase classname="coldbox.testing.cases.ioc.BuilderTest" name="testbuildcfc" time="0.292"></testcase><testcase classname="coldbox.testing.cases.ioc.BuilderTest" name="testbuildProviderMixer" time="0.315"></testcase><testcase classname="coldbox.testing.cases.ioc.BuilderTest" name="testBuildCFCException" time="0.258"></testcase><testcase classname="coldbox.testing.cases.ioc.BuilderTest" name="testBuildCFCWithArguments" time="0.331"></testcase><testcase classname="coldbox.testing.cases.ioc.BuilderTest" name="testGetEntityServiceDSL" time="0.274"></testcase><testcase classname="coldbox.testing.cases.ioc.BuilderTest" name="testgetWireBoxDSL" time="0.546"></testcase><testcase classname="coldbox.testing.cases.ioc.BuilderTest" name="testregisterCustomBuilders" time="0.306"></testcase><testcase classname="coldbox.testing.cases.ioc.BuilderTest" name="testbuildDSLDependencyCustom" time="0.292"></testcase><testcase classname="coldbox.testing.cases.ioc.BuilderTest" name="testbuildJavaClass" time="0.21"></testcase><testcase classname="coldbox.testing.cases.ioc.coldboxfactoryTest" name="testFactoryCreations" time="0.525"></testcase><testcase classname="coldbox.testing.cases.ioc.InjectorCreationTest" name="testDSL" time="0.154"></testcase><testcase classname="coldbox.testing.cases.ioc.InjectorCreationTest" name="testbuildInstance" time="0.224"></testcase><testcase classname="coldbox.testing.cases.ioc.InjectorCreationTest" name="testLocateInstance" time="0.156"></testcase><testcase classname="coldbox.testing.cases.ioc.InjectorCreationTest" name="testTImeZone" time="0.194"></testcase><testcase classname="coldbox.testing.cases.ioc.InjectorCreationTest" name="testFactoryBeans" time="0.081"></testcase><testcase classname="coldbox.testing.cases.ioc.InjectorCreationTest" name="testMixins" time="0.085"></testcase><testcase classname="coldbox.testing.cases.ioc.InjectorCreationTest" name="testJava" time="0.138"></testcase><testcase classname="coldbox.testing.cases.ioc.InjectorCreationTest" name="testWebService" time="0.223"><error message="Application"><![CDATA[Unable to read WSDL from URL: http://www.coldbox.org/distribution/updatews.cfc?wsdl. at /Users/lmajano/Sites/cboxdev/core/coldbox/system/ioc/Builder.cfc:267 at /Users/lmajano/Sites/cboxdev/core/coldbox/system/ioc/Injector.cfc:294 at /Users/lmajano/Sites/cboxdev/core/coldbox/system/ioc/scopes/NoScope.cfc:31 at /Users/lmajano/Sites/cboxdev/core/coldbox/system/ioc/Injector.cfc:262 at /Users/lmajano/Sites/cboxdev/core/coldbox/testing/cases/ioc/InjectorCreationTest.cfc:115 at /Users/lmajano/Sites/MyDevelopment/Frameworks/mxunit/framework/TestCase.cfc:113 at /Users/lmajano/Sites/MyDevelopment/Frameworks/mxunit/framework/decorators/DataProviderDecorator.cfc:31 at /Users/lmajano/Sites/MyDevelopment/Frameworks/mxunit/framework/TestSuiteRunner.cfc:99 at /Users/lmajano/Sites/MyDevelopment/Frameworks/mxunit/framework/TestSuiteRunner.cfc:52 at /Users/lmajano/Sites/MyDevelopment/Frameworks/mxunit/framework/TestSuite.cfc:131 at /Users/lmajano/Sites/MyDevelopment/Frameworks/mxunit/runner/DirectoryTestSuite.cfc:37 at /Users/lmajano/Sites/MyDevelopment/Frameworks/mxunit/runner/HttpAntRunner.cfc:28]]></error></testcase><testcase classname="coldbox.testing.cases.ioc.InjectorCreationTest" name="testConstant" time="0.103"></testcase><testcase classname="coldbox.testing.cases.ioc.InjectorCreationTest" name="testSetters" time="0.126"></testcase><testcase classname="coldbox.testing.cases.ioc.InjectorCreationTest" name="testProviderMethods" time="0.089"></testcase><testcase classname="coldbox.testing.cases.ioc.InjectorTest" name="testConfigureCacheBox" time="0.055"></testcase><testcase classname="coldbox.testing.cases.ioc.InjectorTest" name="testParenInjector" time="0.012"></testcase><testcase classname="coldbox.testing.cases.ioc.InjectorTest" name="testConfigureEventManager" time="0.02"></testcase><testcase classname="coldbox.testing.cases.ioc.InjectorTest" name="testGetScopeRegistration" time="0.016"></testcase><testcase classname="coldbox.testing.cases.ioc.InjectorTest" name="testdoScopeRegistration" time="0.058"></testcase><testcase classname="coldbox.testing.cases.ioc.InjectorTest" name="testConfigureLogBox" time="0.05"></testcase><testcase classname="coldbox.testing.cases.ioc.InjectorTest" name="testColdBox" time="0.011"></testcase><testcase classname="coldbox.testing.cases.ioc.InjectorTest" name="removeFromScope" time="0.032"></testcase><testcase classname="coldbox.testing.cases.ioc.InjectorTest" name="testgetVersion" time="0.012"></testcase><testcase classname="coldbox.testing.cases.ioc.InjectorTest" name="testGetObjectPopulator" time="0.012"></testcase><testcase classname="coldbox.testing.cases.ioc.InjectorTest" name="testGetInjectorID" time="0.012"></testcase><testcase classname="coldbox.testing.cases.ioc.InjectorTest" name="testGetBinder" time="0.01"></testcase><testcase classname="coldbox.testing.cases.ioc.InjectorTest" name="testRegisterListeners" time="0.071"></testcase><testcase classname="coldbox.testing.cases.ioc.InjectorTest" name="testbuildBinder" time="0.045"></testcase><testcase classname="coldbox.testing.cases.ioc.ProviderTest" name="testGetNoScope" time="0.018"></testcase><testcase classname="coldbox.testing.cases.ioc.ProviderTest" name="testGet" time="0.12"></testcase><testcase classname="coldbox.testing.cases.ioc.ProviderTest" name="testProxyMethods" time="0.094"></testcase><testcase classname="coldbox.testing.cases.ioc.adapters.ColdSpringAdapterTest" name="creationTest" time="0.013"></testcase><testcase classname="coldbox.testing.cases.ioc.adapters.LightWireAdapterTest" name="creationTest" time="0.008"></testcase><testcase classname="coldbox.testing.cases.ioc.adapters.LightWireAdapterTest" name="creationXMLTest" time="0.007"></testcase><testcase classname="coldbox.testing.cases.ioc.adapters.WireBoxAdapterTest" name="creationTest" time="0.028"></testcase><testcase classname="coldbox.testing.cases.ioc.config.BinderTest" name="testBindAspect" time="0.169"></testcase><testcase classname="coldbox.testing.cases.ioc.config.BinderTest" name="testInitWith" time="0.041"></testcase><testcase classname="coldbox.testing.cases.ioc.config.BinderTest" name="testCacheBoxIntegration" time="0.046"></testcase><testcase classname="coldbox.testing.cases.ioc.config.BinderTest" name="testExtraAttributes" time="0.047"></testcase><testcase classname="coldbox.testing.cases.ioc.config.BinderTest" name="testBinderStandalone" time="0.036"></testcase><testcase classname="coldbox.testing.cases.ioc.config.BinderTest" name="testRemoveScanLocations" time="0.04"></testcase><testcase classname="coldbox.testing.cases.ioc.config.BinderTest" name="testScanLocations" time="0.035"></testcase><testcase classname="coldbox.testing.cases.ioc.config.BinderTest" name="testStopRecursions" time="0.046"></testcase><testcase classname="coldbox.testing.cases.ioc.config.BinderTest" name="testDSLs" time="0.047"></testcase><testcase classname="coldbox.testing.cases.ioc.config.BinderTest" name="testProperty" time="0.035"></testcase><testcase classname="coldbox.testing.cases.ioc.config.BinderTest" name="testInto" time="0.081"></testcase><testcase classname="coldbox.testing.cases.ioc.config.BinderTest" name="testSetConstructor" time="0.041"></testcase><testcase classname="coldbox.testing.cases.ioc.config.BinderTest" name="testListenerMethods" time="0.04"></testcase><testcase classname="coldbox.testing.cases.ioc.config.BinderTest" name="testLogBoxConfig" time="0.039"></testcase><testcase classname="coldbox.testing.cases.ioc.config.BinderTest" name="testToWebservice" time="0.035"></testcase><testcase classname="coldbox.testing.cases.ioc.config.BinderTest" name="testToJava" time="0.042"></testcase><testcase classname="coldbox.testing.cases.ioc.config.BinderTest" name="testNoInit" time="0.04"></testcase><testcase classname="coldbox.testing.cases.ioc.config.BinderTest" name="testLoadDataDSL" time="0.037"></testcase><testcase classname="coldbox.testing.cases.ioc.config.BinderTest" name="testToDSL" time="0.088"></testcase><testcase classname="coldbox.testing.cases.ioc.config.BinderTest" name="testOnDIComplete" time="0.078"></testcase><testcase classname="coldbox.testing.cases.ioc.config.BinderTest" name="testToProvider" time="0.04"></testcase><testcase classname="coldbox.testing.cases.ioc.config.BinderTest" name="testTo" time="0.083"></testcase><testcase classname="coldbox.testing.cases.ioc.config.BinderTest" name="testMap" time="0.038"></testcase><testcase classname="coldbox.testing.cases.ioc.config.BinderTest" name="testMapDirectory" time="0.045"><failure message="mxunit test failure"><![CDATA[mxunit test failure at /Users/lmajano/Sites/MyDevelopment/Frameworks/mxunit/framework/Assert.cfc:147 at /Users/lmajano/Sites/MyDevelopment/Frameworks/mxunit/framework/Assert.cfc:366 at /Users/lmajano/Sites/cboxdev/core/coldbox/testing/cases/ioc/config/BinderTest.cfc:427 at /Users/lmajano/Sites/MyDevelopment/Frameworks/mxunit/framework/TestCase.cfc:113 at /Users/lmajano/Sites/MyDevelopment/Frameworks/mxunit/framework/decorators/DataProviderDecorator.cfc:31 at /Users/lmajano/Sites/MyDevelopment/Frameworks/mxunit/framework/TestSuiteRunner.cfc:99 at /Users/lmajano/Sites/MyDevelopment/Frameworks/mxunit/framework/TestSuiteRunner.cfc:52 at /Users/lmajano/Sites/MyDevelopment/Frameworks/mxunit/framework/TestSuite.cfc:131 at /Users/lmajano/Sites/MyDevelopment/Frameworks/mxunit/runner/DirectoryTestSuite.cfc:37 at /Users/lmajano/Sites/MyDevelopment/Frameworks/mxunit/runner/HttpAntRunner.cfc:28]]></failure></testcase><testcase classname="coldbox.testing.cases.ioc.config.BinderTest" name="testMixins" time="0.036"></testcase><testcase classname="coldbox.testing.cases.ioc.config.BinderTest" name="testVirtualInheritance" time="0.042"></testcase><testcase classname="coldbox.testing.cases.ioc.config.BinderTest" name="testBinderWithConfigInstance" time="0.038"></testcase><testcase classname="coldbox.testing.cases.ioc.config.BinderTest" name="testWith" time="0.051"></testcase><testcase classname="coldbox.testing.cases.ioc.config.BinderTest" name="testNoAutowire" time="0.065"></testcase><testcase classname="coldbox.testing.cases.ioc.config.BinderTest" name="testToRSS" time="0.037"></testcase><testcase classname="coldbox.testing.cases.ioc.config.BinderTest" name="testMapFactoryMethod" time="0.037"></testcase><testcase classname="coldbox.testing.cases.ioc.config.BinderTest" name="testMapAspect" time="0.035"></testcase><testcase classname="coldbox.testing.cases.ioc.config.BinderTest" name="testProperties" time="0.034"></testcase><testcase classname="coldbox.testing.cases.ioc.config.BinderTest" name="testEagerInit" time="0.036"></testcase><testcase classname="coldbox.testing.cases.ioc.config.BinderTest" name="testToValue" time="0.035"></testcase><testcase classname="coldbox.testing.cases.ioc.config.BinderTest" name="testScopes" time="0.034"></testcase><testcase classname="coldbox.testing.cases.ioc.config.BinderTest" name="testInitArg" time="0.035"></testcase><testcase classname="coldbox.testing.cases.ioc.config.BinderTest" name="testParentInjector" time="0.107"></testcase><testcase classname="coldbox.testing.cases.ioc.config.BinderTest" name="testSetter" time="0.039"></testcase><testcase classname="coldbox.testing.cases.ioc.config.BinderTest" name="testAsSingleton" time="0.035"></testcase><testcase classname="coldbox.testing.cases.ioc.config.BinderTest" name="testMappings" time="0.068"></testcase><testcase classname="coldbox.testing.cases.ioc.config.BinderTest" name="testScopeRegistration" time="0.043"></testcase><testcase classname="coldbox.testing.cases.ioc.config.BinderTest" name="testMapPath" time="0.079"></testcase><testcase classname="coldbox.testing.cases.ioc.config.BinderTest" name="testBinderWithConfigPath" time="0.038"></testcase><testcase classname="coldbox.testing.cases.ioc.config.BinderTest" name="testMatch" time="0.037"></testcase><testcase classname="coldbox.testing.cases.ioc.config.DefaultBinderTest" name="testConfigure" time="0.003"></testcase><testcase classname="coldbox.testing.cases.ioc.config.MappingTest" name="testInit" time="0.001"></testcase><testcase classname="coldbox.testing.cases.ioc.config.MappingTest" name="testProviderMethods" time="0.001"></testcase><testcase classname="coldbox.testing.cases.ioc.config.MappingTest" name="testProcessMemento" time="0.002"></testcase><testcase classname="coldbox.testing.cases.ioc.config.listeners.InjectorListenersTest" name="testRegisterListeners" time="0.021"></testcase><testcase classname="coldbox.testing.cases.ioc.dsl.CacheBoxDSLTest" name="testProcess" time="1.16"></testcase><testcase classname="coldbox.testing.cases.ioc.dsl.ColdBoxDSLTest" name="testGetJavaLoaderDSL" time="0.226"></testcase><testcase classname="coldbox.testing.cases.ioc.dsl.ColdBoxDSLTest" name="testgetColdboxDSLStage1AndStage2" time="0.73"></testcase><testcase classname="coldbox.testing.cases.ioc.dsl.ColdBoxDSLTest" name="testgetIOCDSl" time="0.364"></testcase><testcase classname="coldbox.testing.cases.ioc.dsl.ColdBoxDSLTest" name="testProcess" time="0.29"></testcase><testcase classname="coldbox.testing.cases.ioc.dsl.ColdBoxDSLTest" name="testGetDatasource" time="0.158"></testcase><testcase classname="coldbox.testing.cases.ioc.dsl.ColdBoxDSLTest" name="testGetOCMDSL" time="0.34"></testcase><testcase classname="coldbox.testing.cases.ioc.dsl.ColdBoxDSLTest" name="testgetColdboxDSLStage3" time="0.554"></testcase><testcase classname="coldbox.testing.cases.ioc.dsl.ColdBoxDSLTest" name="testGetWebserviceDSL" time="0.234"></testcase><testcase classname="coldbox.testing.cases.ioc.dsl.LogBoxDSLTest" name="testProcess" time="0.233"></testcase></testsuite> 