<testsuite name="mxunit.testresults" hostname="127.0.0.1" tests="22" failures="0" errors="0" timestamp="02/23/12 11:43:06 AM" time="1.74"><properties>
[...]
</properties><testcase classname="coldbox.testing.cases.aop.MatcherTest" name="testRegex" time="0.002"></testcase><testcase classname="coldbox.testing.cases.aop.MatcherTest" name="testInstanceOf" time="0.001"></testcase><testcase classname="coldbox.testing.cases.aop.MatcherTest" name="testMappings" time="0.001"></testcase><testcase classname="coldbox.testing.cases.aop.MatcherTest" name="testAnnotatedWith" time="0.001"></testcase><testcase classname="coldbox.testing.cases.aop.MatcherTest" name="testMatchClassAndOr" time="0.029"></testcase><testcase classname="coldbox.testing.cases.aop.MatcherTest" name="testReturns" time="0.002"></testcase><testcase classname="coldbox.testing.cases.aop.MatcherTest" name="testMatchMethod" time="0.049"></testcase><testcase classname="coldbox.testing.cases.aop.MatcherTest" name="testMatchClass" time="0.023"></testcase><testcase classname="coldbox.testing.cases.aop.MatcherTest" name="testAny" time="0.001"></testcase><testcase classname="coldbox.testing.cases.aop.MatcherTest" name="testMethods" time="0.001"></testcase><testcase classname="coldbox.testing.cases.aop.MethodInvocationTest" name="testIncrementInterceptorIndex" time="0.059"></testcase><testcase classname="coldbox.testing.cases.aop.MethodInvocationTest" name="testInit" time="0.06"></testcase><testcase classname="coldbox.testing.cases.aop.MethodInvocationTest" name="testProceed" time="0.006"></testcase><testcase classname="coldbox.testing.cases.aop.MixerTest" name="testAOPBuilder" time="0.191"></testcase><testcase classname="coldbox.testing.cases.aop.MixerTest" name="testBuildInterceptors" time="0.278"></testcase><testcase classname="coldbox.testing.cases.aop.MixerTest" name="testprocessTargetMethods" time="0.26"></testcase><testcase classname="coldbox.testing.cases.aop.MixerTest" name="testdecorateAOPTarget" time="0.162"></testcase><testcase classname="coldbox.testing.cases.aop.MixerTest" name="testafterInstanceAutowire" time="0.185"></testcase><testcase classname="coldbox.testing.cases.aop.MixerTest" name="testBuildClassMatchDictionary" time="0.193"></testcase><testcase classname="coldbox.testing.cases.aop.aspects.HibernateTransactionTest" name="testInvokeMethodInTransaction" time="0.061"></testcase><testcase classname="coldbox.testing.cases.aop.aspects.HibernateTransactionTest" name="testInvokeMethodNotInTransaction" time="0.092"></testcase><testcase classname="coldbox.testing.cases.aop.aspects.HibernateTransactionTest" name="testInvokeMethodNotInTransactionDiffDatasource" time="0.048"></testcase></testsuite> 