<testsuite name="mxunit.testresults" hostname="127.0.0.1" tests="22" failures="0" errors="0" timestamp="02/15/12 2:18:15 PM" time="1.41"><properties>
[...]
</properties><testcase classname="coldbox.testing.cases.aop.MatcherTest" name="testRegex" time="0.002"></testcase><testcase classname="coldbox.testing.cases.aop.MatcherTest" name="testInstanceOf" time="0.001"></testcase><testcase classname="coldbox.testing.cases.aop.MatcherTest" name="testMappings" time="0.001"></testcase><testcase classname="coldbox.testing.cases.aop.MatcherTest" name="testAnnotatedWith" time="0.002"></testcase><testcase classname="coldbox.testing.cases.aop.MatcherTest" name="testMatchClassAndOr" time="0.042"></testcase><testcase classname="coldbox.testing.cases.aop.MatcherTest" name="testReturns" time="0.002"></testcase><testcase classname="coldbox.testing.cases.aop.MatcherTest" name="testMatchMethod" time="0.067"></testcase><testcase classname="coldbox.testing.cases.aop.MatcherTest" name="testMatchClass" time="0.034"></testcase><testcase classname="coldbox.testing.cases.aop.MatcherTest" name="testAny" time="0.001"></testcase><testcase classname="coldbox.testing.cases.aop.MatcherTest" name="testMethods" time="0.001"></testcase><testcase classname="coldbox.testing.cases.aop.MethodInvocationTest" name="testIncrementInterceptorIndex" time="0.003"></testcase><testcase classname="coldbox.testing.cases.aop.MethodInvocationTest" name="testInit" time="0.045"></testcase><testcase classname="coldbox.testing.cases.aop.MethodInvocationTest" name="testProceed" time="0.002"></testcase><testcase classname="coldbox.testing.cases.aop.MixerTest" name="testAOPBuilder" time="0.091"></testcase><testcase classname="coldbox.testing.cases.aop.MixerTest" name="testBuildInterceptors" time="0.112"></testcase><testcase classname="coldbox.testing.cases.aop.MixerTest" name="testprocessTargetMethods" time="0.28"></testcase><testcase classname="coldbox.testing.cases.aop.MixerTest" name="testdecorateAOPTarget" time="0.122"></testcase><testcase classname="coldbox.testing.cases.aop.MixerTest" name="testafterInstanceAutowire" time="0.24"></testcase><testcase classname="coldbox.testing.cases.aop.MixerTest" name="testBuildClassMatchDictionary" time="0.162"></testcase><testcase classname="coldbox.testing.cases.aop.aspects.HibernateTransactionTest" name="testInvokeMethodInTransaction" time="0.058"></testcase><testcase classname="coldbox.testing.cases.aop.aspects.HibernateTransactionTest" name="testInvokeMethodNotInTransaction" time="0.055"></testcase><testcase classname="coldbox.testing.cases.aop.aspects.HibernateTransactionTest" name="testInvokeMethodNotInTransactionDiffDatasource" time="0.05"></testcase></testsuite> 