<?xml version="1.0" encoding="UTF-8"?><testsuite errors="0" failures="0" hostname="127.0.0.1" name="tests.specs.ioc.config.BinderTest" package="tests.specs.ioc.config.BinderTest" skipped="0" tests="49" time="1.025" timestamp="2014-06-10T19:02:15"><properties>
[...]
</properties><testcase classname="tests.specs.ioc.config.BinderTest" name="tests.specs.ioc.config.BinderTest testToProvider" time="0.019"/><testcase classname="tests.specs.ioc.config.BinderTest" name="tests.specs.ioc.config.BinderTest testMappings" time="0.02"/><testcase classname="tests.specs.ioc.config.BinderTest" name="tests.specs.ioc.config.BinderTest testThreadSafety" time="0.021"/><testcase classname="tests.specs.ioc.config.BinderTest" name="tests.specs.ioc.config.BinderTest testMapFactoryMethod" time="0.018"/><testcase classname="tests.specs.ioc.config.BinderTest" name="tests.specs.ioc.config.BinderTest testOnDIComplete" time="0.022"/><testcase classname="tests.specs.ioc.config.BinderTest" name="tests.specs.ioc.config.BinderTest testTo" time="0.018"/><testcase classname="tests.specs.ioc.config.BinderTest" name="tests.specs.ioc.config.BinderTest testMapPath" time="0.018"/><testcase classname="tests.specs.ioc.config.BinderTest" name="tests.specs.ioc.config.BinderTest testToWebservice" time="0.019"/><testcase classname="tests.specs.ioc.config.BinderTest" name="tests.specs.ioc.config.BinderTest testRemoveScanLocations" time="0.019"/><testcase classname="tests.specs.ioc.config.BinderTest" name="tests.specs.ioc.config.BinderTest testVirtualInheritance" time="0.018"/><testcase classname="tests.specs.ioc.config.BinderTest" name="tests.specs.ioc.config.BinderTest testCacheBoxIntegration" time="0.02"/><testcase classname="tests.specs.ioc.config.BinderTest" name="tests.specs.ioc.config.BinderTest testMap" time="0.023"/><testcase classname="tests.specs.ioc.config.BinderTest" name="tests.specs.ioc.config.BinderTest testUnMap" time="0.021"/><testcase classname="tests.specs.ioc.config.BinderTest" name="tests.specs.ioc.config.BinderTest testBinderWithConfigInstance" time="0.03"/><testcase classname="tests.specs.ioc.config.BinderTest" name="tests.specs.ioc.config.BinderTest testToRSS" time="0.019"/><testcase classname="tests.specs.ioc.config.BinderTest" name="tests.specs.ioc.config.BinderTest testSetConstructor" time="0.02"/><testcase classname="tests.specs.ioc.config.BinderTest" name="tests.specs.ioc.config.BinderTest testInto" time="0.032"/><testcase classname="tests.specs.ioc.config.BinderTest" name="tests.specs.ioc.config.BinderTest testStopRecursions" time="0.018"/><testcase classname="tests.specs.ioc.config.BinderTest" name="tests.specs.ioc.config.BinderTest testWith" time="0.02"/><testcase classname="tests.specs.ioc.config.BinderTest" name="tests.specs.ioc.config.BinderTest testBinderStandalone" time="0.022"/><testcase classname="tests.specs.ioc.config.BinderTest" name="tests.specs.ioc.config.BinderTest testMapPathToNamespace" time="0.023"/><testcase classname="tests.specs.ioc.config.BinderTest" name="tests.specs.ioc.config.BinderTest testScanLocations" time="0.019"/><testcase classname="tests.specs.ioc.config.BinderTest" name="tests.specs.ioc.config.BinderTest testNoInit" time="0.023"/><testcase classname="tests.specs.ioc.config.BinderTest" name="tests.specs.ioc.config.BinderTest testEagerInit" time="0.019"/><testcase classname="tests.specs.ioc.config.BinderTest" name="tests.specs.ioc.config.BinderTest testBindAspect" time="0.019"/><testcase classname="tests.specs.ioc.config.BinderTest" name="tests.specs.ioc.config.BinderTest testToDSL" time="0.021"/><testcase classname="tests.specs.ioc.config.BinderTest" name="tests.specs.ioc.config.BinderTest testMapAspect" time="0.018"/><testcase classname="tests.specs.ioc.config.BinderTest" name="tests.specs.ioc.config.BinderTest testMapDirectory" time="0.043"/><testcase classname="tests.specs.ioc.config.BinderTest" name="tests.specs.ioc.config.BinderTest testMixins" time="0.023"/><testcase classname="tests.specs.ioc.config.BinderTest" name="tests.specs.ioc.config.BinderTest testToJava" time="0.018"/><testcase classname="tests.specs.ioc.config.BinderTest" name="tests.specs.ioc.config.BinderTest testInitWith" time="0.02"/><testcase classname="tests.specs.ioc.config.BinderTest" name="tests.specs.ioc.config.BinderTest testToValue" time="0.021"/><testcase classname="tests.specs.ioc.config.BinderTest" name="tests.specs.ioc.config.BinderTest testScopeRegistration" time="0.018"/><testcase classname="tests.specs.ioc.config.BinderTest" name="tests.specs.ioc.config.BinderTest testProperty" time="0.021"/><testcase classname="tests.specs.ioc.config.BinderTest" name="tests.specs.ioc.config.BinderTest testNoAutowire" time="0.018"/><testcase classname="tests.specs.ioc.config.BinderTest" name="tests.specs.ioc.config.BinderTest testLogBoxConfig" time="0.021"/><testcase classname="tests.specs.ioc.config.BinderTest" name="tests.specs.ioc.config.BinderTest testProperties" time="0.019"/><testcase classname="tests.specs.ioc.config.BinderTest" name="tests.specs.ioc.config.BinderTest testBinderWithConfigPath" time="0.019"/><testcase classname="tests.specs.ioc.config.BinderTest" name="tests.specs.ioc.config.BinderTest testMatch" time="0.021"/><testcase classname="tests.specs.ioc.config.BinderTest" name="tests.specs.ioc.config.BinderTest testListenerMethods" time="0.019"/><testcase classname="tests.specs.ioc.config.BinderTest" name="tests.specs.ioc.config.BinderTest testSetter" time="0.019"/><testcase classname="tests.specs.ioc.config.BinderTest" name="tests.specs.ioc.config.BinderTest testLoadDataDSL" time="0.019"/><testcase classname="tests.specs.ioc.config.BinderTest" name="tests.specs.ioc.config.BinderTest testAsSingleton" time="0.02"/><testcase classname="tests.specs.ioc.config.BinderTest" name="tests.specs.ioc.config.BinderTest testScopes" time="0.021"/><testcase classname="tests.specs.ioc.config.BinderTest" name="tests.specs.ioc.config.BinderTest testParent" time="0.023"/><testcase classname="tests.specs.ioc.config.BinderTest" name="tests.specs.ioc.config.BinderTest testParentInjector" time="0.022"/><testcase classname="tests.specs.ioc.config.BinderTest" name="tests.specs.ioc.config.BinderTest testDSLs" time="0.018"/><testcase classname="tests.specs.ioc.config.BinderTest" name="tests.specs.ioc.config.BinderTest testExtraAttributes" time="0.018"/><testcase classname="tests.specs.ioc.config.BinderTest" name="tests.specs.ioc.config.BinderTest testInitArg" time="0.018"/></testsuite>