<?xml version="1.0" encoding="UTF-8" ?>
<testsuites>
  <testsuite errors="0" failures="0" hostname="127.0.0.1" id="0" name="testresults" package="mxunit" tests="106" time="16.145" timestamp="02/15/12 2:18:14 PM">
    <properties>
[...]
</properties>
    <testcase classname="coldbox.testing.cases.ioc.BuilderTest" name="testbuildWebservice" time="0.322" />
    <testcase classname="coldbox.testing.cases.ioc.BuilderTest" name="testgetProviderDSL" time="0.37" />
    <testcase classname="coldbox.testing.cases.ioc.BuilderTest" name="testBuildFactoryBean" time="0.408" />
    <testcase classname="coldbox.testing.cases.ioc.BuilderTest" name="testbuildfeed" time="0.37" />
    <testcase classname="coldbox.testing.cases.ioc.BuilderTest" name="testbuildcfc" time="0.247" />
    <testcase classname="coldbox.testing.cases.ioc.BuilderTest" name="testbuildProviderMixer" time="0.379" />
    <testcase classname="coldbox.testing.cases.ioc.BuilderTest" name="testBuildCFCException" time="0.313" />
    <testcase classname="coldbox.testing.cases.ioc.BuilderTest" name="testBuildCFCWithArguments" time="0.338" />
    <testcase classname="coldbox.testing.cases.ioc.BuilderTest" name="testgetWireBoxDSL" time="0.589" />
    <testcase classname="coldbox.testing.cases.ioc.BuilderTest" name="testregisterCustomBuilders" time="0.287" />
    <testcase classname="coldbox.testing.cases.ioc.BuilderTest" name="testbuildDSLDependencyCustom" time="0.377" />
    <testcase classname="coldbox.testing.cases.ioc.BuilderTest" name="testbuildJavaClass" time="0.239" />
    <testcase classname="coldbox.testing.cases.ioc.coldboxfactoryTest" name="testFactoryCreations" time="0.726" />
    <testcase classname="coldbox.testing.cases.ioc.InjectorCreationTest" name="testDSL" time="0.152" />
    <testcase classname="coldbox.testing.cases.ioc.InjectorCreationTest" name="testbuildInstance" time="0.265" />
    <testcase classname="coldbox.testing.cases.ioc.InjectorCreationTest" name="testLocateInstance" time="0.105" />
    <testcase classname="coldbox.testing.cases.ioc.InjectorCreationTest" name="testTImeZone" time="0.099" />
    <testcase classname="coldbox.testing.cases.ioc.InjectorCreationTest" name="testFactoryBeans" time="0.239" />
    <testcase classname="coldbox.testing.cases.ioc.InjectorCreationTest" name="testMixins" time="0.186" />
    <testcase classname="coldbox.testing.cases.ioc.InjectorCreationTest" name="testJava" time="0.149" />
    <testcase classname="coldbox.testing.cases.ioc.InjectorCreationTest" name="testWebService" time="0.229" />
    <testcase classname="coldbox.testing.cases.ioc.InjectorCreationTest" name="testConstant" time="0.082" />
    <testcase classname="coldbox.testing.cases.ioc.InjectorCreationTest" name="testSetters" time="0.091" />
    <testcase classname="coldbox.testing.cases.ioc.InjectorCreationTest" name="testProviderMethods" time="0.082" />
    <testcase classname="coldbox.testing.cases.ioc.InjectorTest" name="testConfigureCacheBox" time="0.087" />
    <testcase classname="coldbox.testing.cases.ioc.InjectorTest" name="testParenInjector" time="0.018" />
    <testcase classname="coldbox.testing.cases.ioc.InjectorTest" name="testConfigureEventManager" time="0.025" />
    <testcase classname="coldbox.testing.cases.ioc.InjectorTest" name="testGetScopeRegistration" time="0.018" />
    <testcase classname="coldbox.testing.cases.ioc.InjectorTest" name="testdoScopeRegistration" time="0.053" />
    <testcase classname="coldbox.testing.cases.ioc.InjectorTest" name="testConfigureLogBox" time="0.029" />
    <testcase classname="coldbox.testing.cases.ioc.InjectorTest" name="testColdBox" time="0.017" />
    <testcase classname="coldbox.testing.cases.ioc.InjectorTest" name="removeFromScope" time="0.039" />
    <testcase classname="coldbox.testing.cases.ioc.InjectorTest" name="testgetVersion" time="0.017" />
    <testcase classname="coldbox.testing.cases.ioc.InjectorTest" name="testGetObjectPopulator" time="0.024" />
    <testcase classname="coldbox.testing.cases.ioc.InjectorTest" name="testGetInjectorID" time="0.013" />
    <testcase classname="coldbox.testing.cases.ioc.InjectorTest" name="testGetBinder" time="0.039" />
    <testcase classname="coldbox.testing.cases.ioc.InjectorTest" name="testRegisterListeners" time="0.117" />
    <testcase classname="coldbox.testing.cases.ioc.InjectorTest" name="testbuildBinder" time="0.056" />
    <testcase classname="coldbox.testing.cases.ioc.ProviderTest" name="testGetNoScope" time="0.048" />
    <testcase classname="coldbox.testing.cases.ioc.ProviderTest" name="testGet" time="0.12" />
    <testcase classname="coldbox.testing.cases.ioc.ProviderTest" name="testProxyMethods" time="0.183" />
    <testcase classname="coldbox.testing.cases.ioc.adapters.ColdSpringAdapterTest" name="creationTest" time="0.058" />
    <testcase classname="coldbox.testing.cases.ioc.adapters.LightWireAdapterTest" name="creationTest" time="0.074" />
    <testcase classname="coldbox.testing.cases.ioc.adapters.LightWireAdapterTest" name="creationXMLTest" time="0.013" />
    <testcase classname="coldbox.testing.cases.ioc.adapters.WireBoxAdapterTest" name="creationTest" time="0.034" />
    <testcase classname="coldbox.testing.cases.ioc.config.BinderTest" name="testBindAspect" time="0.39" />
    <testcase classname="coldbox.testing.cases.ioc.config.BinderTest" name="testInitWith" time="0.922" />
    <testcase classname="coldbox.testing.cases.ioc.config.BinderTest" name="testCacheBoxIntegration" time="0.179" />
    <testcase classname="coldbox.testing.cases.ioc.config.BinderTest" name="testExtraAttributes" time="0.059" />
    <testcase classname="coldbox.testing.cases.ioc.config.BinderTest" name="testBinderStandalone" time="0.072" />
    <testcase classname="coldbox.testing.cases.ioc.config.BinderTest" name="testRemoveScanLocations" time="0.082" />
    <testcase classname="coldbox.testing.cases.ioc.config.BinderTest" name="testScanLocations" time="0.048" />
    <testcase classname="coldbox.testing.cases.ioc.config.BinderTest" name="testStopRecursions" time="0.059" />
    <testcase classname="coldbox.testing.cases.ioc.config.BinderTest" name="testDSLs" time="0.035" />
    <testcase classname="coldbox.testing.cases.ioc.config.BinderTest" name="testProperty" time="0.037" />
    <testcase classname="coldbox.testing.cases.ioc.config.BinderTest" name="testInto" time="0.044" />
    <testcase classname="coldbox.testing.cases.ioc.config.BinderTest" name="testSetConstructor" time="0.058" />
    <testcase classname="coldbox.testing.cases.ioc.config.BinderTest" name="testListenerMethods" time="0.036" />
    <testcase classname="coldbox.testing.cases.ioc.config.BinderTest" name="testLogBoxConfig" time="0.038" />
    <testcase classname="coldbox.testing.cases.ioc.config.BinderTest" name="testToWebservice" time="0.038" />
    <testcase classname="coldbox.testing.cases.ioc.config.BinderTest" name="testToJava" time="0.08" />
    <testcase classname="coldbox.testing.cases.ioc.config.BinderTest" name="testNoInit" time="0.045" />
    <testcase classname="coldbox.testing.cases.ioc.config.BinderTest" name="testLoadDataDSL" time="0.039" />
    <testcase classname="coldbox.testing.cases.ioc.config.BinderTest" name="testToDSL" time="0.043" />
    <testcase classname="coldbox.testing.cases.ioc.config.BinderTest" name="testOnDIComplete" time="0.039" />
    <testcase classname="coldbox.testing.cases.ioc.config.BinderTest" name="testToProvider" time="0.04" />
    <testcase classname="coldbox.testing.cases.ioc.config.BinderTest" name="testTo" time="0.055" />
    <testcase classname="coldbox.testing.cases.ioc.config.BinderTest" name="testMap" time="0.063" />
    <testcase classname="coldbox.testing.cases.ioc.config.BinderTest" name="testMapDirectory" time="0.048" />
    <testcase classname="coldbox.testing.cases.ioc.config.BinderTest" name="testMixins" time="0.038" />
    <testcase classname="coldbox.testing.cases.ioc.config.BinderTest" name="testVirtualInheritance" time="0.081" />
    <testcase classname="coldbox.testing.cases.ioc.config.BinderTest" name="testBinderWithConfigInstance" time="0.04" />
    <testcase classname="coldbox.testing.cases.ioc.config.BinderTest" name="testWith" time="0.037" />
    <testcase classname="coldbox.testing.cases.ioc.config.BinderTest" name="testNoAutowire" time="0.036" />
    <testcase classname="coldbox.testing.cases.ioc.config.BinderTest" name="testToRSS" time="0.055" />
    <testcase classname="coldbox.testing.cases.ioc.config.BinderTest" name="testMapFactoryMethod" time="0.047" />
    <testcase classname="coldbox.testing.cases.ioc.config.BinderTest" name="testMapAspect" time="0.038" />
    <testcase classname="coldbox.testing.cases.ioc.config.BinderTest" name="testProperties" time="0.051" />
    <testcase classname="coldbox.testing.cases.ioc.config.BinderTest" name="testEagerInit" time="0.046" />
    <testcase classname="coldbox.testing.cases.ioc.config.BinderTest" name="testToValue" time="0.037" />
    <testcase classname="coldbox.testing.cases.ioc.config.BinderTest" name="testScopes" time="0.054" />
    <testcase classname="coldbox.testing.cases.ioc.config.BinderTest" name="testInitArg" time="0.081" />
    <testcase classname="coldbox.testing.cases.ioc.config.BinderTest" name="testParentInjector" time="0.071" />
    <testcase classname="coldbox.testing.cases.ioc.config.BinderTest" name="testSetter" time="0.042" />
    <testcase classname="coldbox.testing.cases.ioc.config.BinderTest" name="testAsSingleton" time="0.036" />
    <testcase classname="coldbox.testing.cases.ioc.config.BinderTest" name="testMappings" time="0.066" />
    <testcase classname="coldbox.testing.cases.ioc.config.BinderTest" name="testScopeRegistration" time="0.05" />
    <testcase classname="coldbox.testing.cases.ioc.config.BinderTest" name="testMapPath" time="0.045" />
    <testcase classname="coldbox.testing.cases.ioc.config.BinderTest" name="testBinderWithConfigPath" time="0.043" />
    <testcase classname="coldbox.testing.cases.ioc.config.BinderTest" name="testMatch" time="0.037" />
    <testcase classname="coldbox.testing.cases.ioc.config.DefaultBinderTest" name="testConfigure" time="0.003" />
    <testcase classname="coldbox.testing.cases.ioc.config.MappingTest" name="testInit" time="0.002" />
    <testcase classname="coldbox.testing.cases.ioc.config.MappingTest" name="testProviderMethods" time="0" />
    <testcase classname="coldbox.testing.cases.ioc.config.MappingTest" name="testProcessMemento" time="0.003" />
    <testcase classname="coldbox.testing.cases.ioc.config.listeners.InjectorListenersTest" name="testRegisterListeners" time="0.029" />
    <testcase classname="coldbox.testing.cases.ioc.dsl.CacheBoxDSLTest" name="testProcess" time="0.67" />
    <testcase classname="coldbox.testing.cases.ioc.dsl.ColdBoxDSLTest" name="testGetJavaLoaderDSL" time="0.312" />
    <testcase classname="coldbox.testing.cases.ioc.dsl.ColdBoxDSLTest" name="testGetEntityServiceDSL" time="0.259" />
    <testcase classname="coldbox.testing.cases.ioc.dsl.ColdBoxDSLTest" name="testgetColdboxDSLStage1AndStage2" time="0.937" />
    <testcase classname="coldbox.testing.cases.ioc.dsl.ColdBoxDSLTest" name="testgetIOCDSl" time="0.534" />
    <testcase classname="coldbox.testing.cases.ioc.dsl.ColdBoxDSLTest" name="testProcess" time="0.323" />
    <testcase classname="coldbox.testing.cases.ioc.dsl.ColdBoxDSLTest" name="testGetDatasource" time="0.171" />
    <testcase classname="coldbox.testing.cases.ioc.dsl.ColdBoxDSLTest" name="testGetOCMDSL" time="0.336" />
    <testcase classname="coldbox.testing.cases.ioc.dsl.ColdBoxDSLTest" name="testgetColdboxDSLStage3" time="0.533" />
    <testcase classname="coldbox.testing.cases.ioc.dsl.ColdBoxDSLTest" name="testGetWebserviceDSL" time="0.258" />
    <testcase classname="coldbox.testing.cases.ioc.dsl.LogBoxDSLTest" name="testProcess" time="0.245" />
  </testsuite>
  <testsuite errors="0" failures="0" hostname="127.0.0.1" id="1" name="testresults" package="mxunit" tests="22" time="1.41" timestamp="02/15/12 2:18:15 PM">
    <properties>
[...]
</properties>
    <testcase classname="coldbox.testing.cases.aop.MatcherTest" name="testRegex" time="0.002" />
    <testcase classname="coldbox.testing.cases.aop.MatcherTest" name="testInstanceOf" time="0.001" />
    <testcase classname="coldbox.testing.cases.aop.MatcherTest" name="testMappings" time="0.001" />
    <testcase classname="coldbox.testing.cases.aop.MatcherTest" name="testAnnotatedWith" time="0.002" />
    <testcase classname="coldbox.testing.cases.aop.MatcherTest" name="testMatchClassAndOr" time="0.042" />
    <testcase classname="coldbox.testing.cases.aop.MatcherTest" name="testReturns" time="0.002" />
    <testcase classname="coldbox.testing.cases.aop.MatcherTest" name="testMatchMethod" time="0.067" />
    <testcase classname="coldbox.testing.cases.aop.MatcherTest" name="testMatchClass" time="0.034" />
    <testcase classname="coldbox.testing.cases.aop.MatcherTest" name="testAny" time="0.001" />
    <testcase classname="coldbox.testing.cases.aop.MatcherTest" name="testMethods" time="0.001" />
    <testcase classname="coldbox.testing.cases.aop.MethodInvocationTest" name="testIncrementInterceptorIndex" time="0.003" />
    <testcase classname="coldbox.testing.cases.aop.MethodInvocationTest" name="testInit" time="0.045" />
    <testcase classname="coldbox.testing.cases.aop.MethodInvocationTest" name="testProceed" time="0.002" />
    <testcase classname="coldbox.testing.cases.aop.MixerTest" name="testAOPBuilder" time="0.091" />
    <testcase classname="coldbox.testing.cases.aop.MixerTest" name="testBuildInterceptors" time="0.112" />
    <testcase classname="coldbox.testing.cases.aop.MixerTest" name="testprocessTargetMethods" time="0.28" />
    <testcase classname="coldbox.testing.cases.aop.MixerTest" name="testdecorateAOPTarget" time="0.122" />
    <testcase classname="coldbox.testing.cases.aop.MixerTest" name="testafterInstanceAutowire" time="0.24" />
    <testcase classname="coldbox.testing.cases.aop.MixerTest" name="testBuildClassMatchDictionary" time="0.162" />
    <testcase classname="coldbox.testing.cases.aop.aspects.HibernateTransactionTest" name="testInvokeMethodInTransaction" time="0.058" />
    <testcase classname="coldbox.testing.cases.aop.aspects.HibernateTransactionTest" name="testInvokeMethodNotInTransaction" time="0.055" />
    <testcase classname="coldbox.testing.cases.aop.aspects.HibernateTransactionTest" name="testInvokeMethodNotInTransactionDiffDatasource" time="0.05" />
  </testsuite>
</testsuites>
