<?xml version="1.0" encoding="UTF-8" ?>
<testsuites>
  <testsuite errors="1" failures="0" hostname="127.0.0.1" id="0" name="testresults" package="mxunit" tests="51" time="6.943" timestamp="02/15/12 2:18:12 PM">
    <properties>
[...]
</properties>
    <testcase classname="coldbox.testing.cases.logging.AbstractAppenderTest" name="testcanLog" time="0.003" />
    <testcase classname="coldbox.testing.cases.logging.AbstractAppenderTest" name="testIsInited" time="0.002" />
    <testcase classname="coldbox.testing.cases.logging.LogBoxTest" name="testLocateCategoryParentLogger" time="0.02" />
    <testcase classname="coldbox.testing.cases.logging.LogBoxTest" name="testGetCurrentLoggers" time="0.005" />
    <testcase classname="coldbox.testing.cases.logging.LogBoxTest" name="testgetLogger" time="0.026" />
    <testcase classname="coldbox.testing.cases.logging.LogBoxTest" name="testgetRootLogger" time="0.008" />
    <testcase classname="coldbox.testing.cases.logging.LogBoxTest" name="testGetCurrentAppenders" time="0.005" />
    <testcase classname="coldbox.testing.cases.logging.LogBoxVariousTest" name="test1" time="0.011" />
    <testcase classname="coldbox.testing.cases.logging.LogBoxWithDataCFCTest" name="testLoader2" time="0.11" />
    <testcase classname="coldbox.testing.cases.logging.LogBoxWithDataCFCTest" name="testLoader" time="0.018" />
    <testcase classname="coldbox.testing.cases.logging.LogEventTest" name="testExtraInfoCFC" time="0.014" />
    <testcase classname="coldbox.testing.cases.logging.LogEventTest" name="testExtraInfoComplex" time="0.003" />
    <testcase classname="coldbox.testing.cases.logging.LogEventTest" name="testextraInfoSimple" time="0.002" />
    <testcase classname="coldbox.testing.cases.logging.LogEventTest" name="testExtraInfoConventionString" time="0.012" />
    <testcase classname="coldbox.testing.cases.logging.LoggerTest" name="testCanMethods" time="0.018" />
    <testcase classname="coldbox.testing.cases.logging.LoggerTest" name="testAppenderMethods" time="0.008" />
    <testcase classname="coldbox.testing.cases.logging.LoggerTest" name="testAppenderLoggingLevels" time="0.152" />
    <testcase classname="coldbox.testing.cases.logging.LogLevelsTest" name="testisLevelValid" time="0.001" />
    <testcase classname="coldbox.testing.cases.logging.LogLevelsTest" name="testLookupAsInt" time="0.001" />
    <testcase classname="coldbox.testing.cases.logging.appenders.AsyncDBAppenderTest" name="testLogMessageWithColumnMap" time="0.179" />
    <testcase classname="coldbox.testing.cases.logging.appenders.AsyncDBAppenderTest" name="testLogMessage" time="0.007" />
    <testcase classname="coldbox.testing.cases.logging.appenders.AsyncDBAppenderTest" name="testEnsureTable" time="1.884" />
    <testcase classname="coldbox.testing.cases.logging.appenders.AsyncFileAppenderTest" name="testLogMessage" time="0.098" />
    <testcase classname="coldbox.testing.cases.logging.appenders.AsyncFileAppenderTest" name="testOnRegistration" time="0.006" />
    <testcase classname="coldbox.testing.cases.logging.appenders.AsyncRollingFileAppenderTest" name="testLogMessage" time="2.698" />
    <testcase classname="coldbox.testing.cases.logging.appenders.AsyncRollingFileAppenderTest" name="testOnRegistration" time="0.005" />
    <testcase classname="coldbox.testing.cases.logging.appenders.CFAppenderTest" name="testLogMessage" time="0.089" />
    <testcase classname="coldbox.testing.cases.logging.appenders.ConsoleAppenderTest" name="testMockLayout" time="0.015" />
    <testcase classname="coldbox.testing.cases.logging.appenders.ConsoleAppenderTest" name="testLogMessage" time="0.034" />
    <testcase classname="coldbox.testing.cases.logging.appenders.DBAppenderTest" name="testLogMessageWithColumnMap" time="0.014" />
    <testcase classname="coldbox.testing.cases.logging.appenders.DBAppenderTest" name="testLogMessage" time="0.01" />
    <testcase classname="coldbox.testing.cases.logging.appenders.DBAppenderTest" name="testEnsureTable" time="0.031" />
    <testcase classname="coldbox.testing.cases.logging.appenders.EmailAppenderTest" name="testLogMessage" time="0.463" />
    <testcase classname="coldbox.testing.cases.logging.appenders.FileAppenderTest" name="testLogMessage" time="0.01" />
    <testcase classname="coldbox.testing.cases.logging.appenders.FileAppenderTest" name="testOnRegistration" time="0.003" />
    <testcase classname="coldbox.testing.cases.logging.appenders.RollingFileAppenderTest" name="testLogMessage" time="0.098" />
    <testcase classname="coldbox.testing.cases.logging.appenders.RollingFileAppenderTest" name="testOnRegistration" time="0.004" />
    <testcase classname="coldbox.testing.cases.logging.appenders.ScopeAppenderTest" name="testLogMessage" time="0.074" />
    <testcase classname="coldbox.testing.cases.logging.appenders.SocketAppenderTest" name="testLogMessage" time="0.086" />
    <testcase classname="coldbox.testing.cases.logging.appenders.TracerAppenderTest" name="testLogMessage" time="0.103" />
    <testcase classname="coldbox.testing.cases.logging.appenders.TwitterAppenderTest" name="testLogMessage" time="0.01">
      <error message="Application"><![CDATA[Could not find the ColdFusion component or interface coldbox.system.logging.appenders.TwitterAppender. at /Users/lmajano/Sites/cboxdev/core/coldbox/system/testing/MockBox.cfc:91 at /Users/lmajano/Sites/cboxdev/core/coldbox/testing/cases/logging/appenders/TwitterAppenderTest.cfc:5 at /Users/lmajano/Sites/MyDevelopment/Frameworks/mxunit/framework/TestDecorator.cfc:26 at /Users/lmajano/Sites/MyDevelopment/Frameworks/mxunit/framework/TestSuiteRunner.cfc:97 at /Users/lmajano/Sites/MyDevelopment/Frameworks/mxunit/framework/TestSuiteRunner.cfc:52 at /Users/lmajano/Sites/MyDevelopment/Frameworks/mxunit/framework/TestSuite.cfc:131 at /Users/lmajano/Sites/MyDevelopment/Frameworks/mxunit/runner/DirectoryTestSuite.cfc:37 at /Users/lmajano/Sites/MyDevelopment/Frameworks/mxunit/runner/HttpAntRunner.cfc:28]]></error>
    </testcase>
    <testcase classname="coldbox.testing.cases.logging.config.ConfigXSDTest" name="testGoodXSD" time="0.04" />
    <testcase classname="coldbox.testing.cases.logging.config.ConfigXSDTest" name="testBadXSD" time="0.023" />
    <testcase classname="coldbox.testing.cases.logging.config.LogBoxConfigTest" name="testValidateCategories" time="0.021" />
    <testcase classname="coldbox.testing.cases.logging.config.LogBoxConfigTest" name="testAddAppender" time="0.024" />
    <testcase classname="coldbox.testing.cases.logging.config.LogBoxConfigTest" name="testConventionMethods" time="0.004" />
    <testcase classname="coldbox.testing.cases.logging.config.LogBoxConfigTest" name="testAddCategory" time="0.005" />
    <testcase classname="coldbox.testing.cases.logging.config.LogBoxConfigTest" name="testRootAppenders" time="0.002" />
    <testcase classname="coldbox.testing.cases.logging.config.LogBoxConfigTest" name="testRoot" time="0.004" />
    <testcase classname="coldbox.testing.cases.logging.config.LogBoxConfigXMLTest" name="testInlineXML" time="0.032" />
    <testcase classname="coldbox.testing.cases.logging.config.LogBoxConfigXMLTest" name="testCreations" time="0.057" />
  </testsuite>
</testsuites>
